-------------------------------------------------------------------------------
Test set: es.uma.informatica.sii.pr2025rest.EquipoTests$ConEquipos
-------------------------------------------------------------------------------
Tests run: 4, Failures: 0, Errors: 0, Skipped: 0, Time elapsed: 11.584 s - in es.uma.informatica.sii.pr2025rest.EquipoTests$ConEquipos
es.uma.informatica.sii.pr2025rest.EquipoTests$ConEquipos.actualizarEquipoExiste  Time elapsed: 1.829 s
es.uma.informatica.sii.pr2025rest.EquipoTests$ConEquipos.eliminarEquipo  Time elapsed: 0.11 s
es.uma.informatica.sii.pr2025rest.EquipoTests$ConEquipos.obtenerPorIdExiste  Time elapsed: 0.08 s
es.uma.informatica.sii.pr2025rest.EquipoTests$ConEquipos.obtenerTodos  Time elapsed: 0.117 s
