-------------------------------------------------------------------------------
Test set: es.uma.informatica.sii.pr2025rest.EquipoTests$ConEquipos
-------------------------------------------------------------------------------
Tests run: 4, Failures: 0, Errors: 0, Skipped: 0, Time elapsed: 10.974 s - in es.uma.informatica.sii.pr2025rest.EquipoTests$ConEquipos
es.uma.informatica.sii.pr2025rest.EquipoTests$ConEquipos.actualizarEquipoExiste  Time elapsed: 1.879 s
es.uma.informatica.sii.pr2025rest.EquipoTests$ConEquipos.eliminarEquipo  Time elapsed: 0.097 s
es.uma.informatica.sii.pr2025rest.EquipoTests$ConEquipos.obtenerPorIdExiste  Time elapsed: 0.093 s
es.uma.informatica.sii.pr2025rest.EquipoTests$ConEquipos.obtenerTodos  Time elapsed: 0.086 s
