-------------------------------------------------------------------------------
Test set: es.uma.informatica.sii.pr2025rest.ExpedicionesTests$SinExpediciones
-------------------------------------------------------------------------------
Tests run: 5, Failures: 0, Errors: 0, Skipped: 0, Time elapsed: 2.349 s - in es.uma.informatica.sii.pr2025rest.ExpedicionesTests$SinExpediciones
es.uma.informatica.sii.pr2025rest.ExpedicionesTests$SinExpediciones.obtenerTodas  Time elapsed: 0.04 s
es.uma.informatica.sii.pr2025rest.ExpedicionesTests$SinExpediciones.obtenerPorIdNoExiste  Time elapsed: 0.05 s
es.uma.informatica.sii.pr2025rest.ExpedicionesTests$SinExpediciones.crearExpedicion  Time elapsed: 0.061 s
es.uma.informatica.sii.pr2025rest.ExpedicionesTests$SinExpediciones.eliminarExpedicion  Time elapsed: 0.063 s
es.uma.informatica.sii.pr2025rest.ExpedicionesTests$SinExpediciones.actualizarExpedicion_NoExiste  Time elapsed: 0.055 s
