<?xml version="1.0" encoding="UTF-8"?>
<testsuite xmlns:xsi="http://www.w3.org/2001/XMLSchema-instance" xsi:noNamespaceSchemaLocation="https://maven.apache.org/surefire/maven-surefire-plugin/xsd/surefire-test-report-3.0.xsd" version="3.0" name="es.uma.informatica.sii.pr2025rest.ExpedicionesTests$ConExpedicion" time="5.417" tests="8" errors="0" skipped="0" failures="0">
  <properties>
[...]
</properties>
  <testcase name="obtenerPorId_Existe" classname="es.uma.informatica.sii.pr2025rest.ExpedicionesTests$ConExpedicion" time="0.07">
    <system-out><![CDATA[2025-04-03T20:12:02.490+02:00  INFO 2668 --- [Expediciones] [           main] t.c.s.AnnotationConfigContextLoaderUtils : Could not detect default configuration classes for test class [es.uma.informatica.sii.pr2025rest.ExpedicionesTests]: ExpedicionesTests does not declare any static, non-private, non-final, nested classes annotated with @Configuration.
2025-04-03T20:12:02.495+02:00  INFO 2668 --- [Expediciones] [           main] .b.t.c.SpringBootTestContextBootstrapper : Found @SpringBootConfiguration es.uma.informatica.sii.pr2025rest.ExpedicionesApplication for test class es.uma.informatica.sii.pr2025rest.ExpedicionesTests
2025-04-03T20:12:02.503+02:00  INFO 2668 --- [Expediciones] [           main] t.c.s.AnnotationConfigContextLoaderUtils : Could not detect default configuration classes for test class [es.uma.informatica.sii.pr2025rest.ExpedicionesTests$ConExpedicion]: ConExpedicion does not declare any static, non-private, non-final, nested classes annotated with @Configuration.
2025-04-03T20:12:02.507+02:00  INFO 2668 --- [Expediciones] [           main] .b.t.c.SpringBootTestContextBootstrapper : Found @SpringBootConfiguration es.uma.informatica.sii.pr2025rest.ExpedicionesApplication for test class es.uma.informatica.sii.pr2025rest.ExpedicionesTests$ConExpedicion

  .   ____          _            __ _ _
 /\\ / ___'_ __ _ _(_)_ __  __ _ \ \ \ \
( ( )\___ | '_ | '_| | '_ \/ _` | \ \ \ \
 \\/  ___)| |_)| | | | | || (_| |  ) ) ) )
  '  |____| .__|_| |_|_| |_\__, | / / / /
 =========|_|==============|___/=/_/_/_/

 :: Spring Boot ::                (v3.4.4)

2025-04-03T20:12:02.550+02:00  INFO 2668 --- [Expediciones] [           main] e.u.i.sii.pr2025rest.ExpedicionesTests   : Starting ExpedicionesTests using Java 21.0.2 with PID 2668 (started by pacom in C:\Users\pacom\OneDrive\Escritorio\expediciones-manager)
2025-04-03T20:12:02.550+02:00  INFO 2668 --- [Expediciones] [           main] e.u.i.sii.pr2025rest.ExpedicionesTests   : No active profile set, falling back to 1 default profile: "default"
2025-04-03T20:12:02.720+02:00  INFO 2668 --- [Expediciones] [           main] .s.d.r.c.RepositoryConfigurationDelegate : Bootstrapping Spring Data JPA repositories in DEFAULT mode.
2025-04-03T20:12:02.732+02:00  INFO 2668 --- [Expediciones] [           main] .s.d.r.c.RepositoryConfigurationDelegate : Finished Spring Data repository scanning in 9 ms. Found 2 JPA repository interfaces.
2025-04-03T20:12:02.799+02:00  INFO 2668 --- [Expediciones] [           main] o.s.b.w.embedded.tomcat.TomcatWebServer  : Tomcat initialized with port 0 (http)
2025-04-03T20:12:02.800+02:00  INFO 2668 --- [Expediciones] [           main] o.apache.catalina.core.StandardService   : Starting service [Tomcat]
2025-04-03T20:12:02.800+02:00  INFO 2668 --- [Expediciones] [           main] o.apache.catalina.core.StandardEngine    : Starting Servlet engine: [Apache Tomcat/10.1.39]
2025-04-03T20:12:02.827+02:00  INFO 2668 --- [Expediciones] [           main] o.a.c.c.C.[Tomcat].[localhost].[/]       : Initializing Spring embedded WebApplicationContext
2025-04-03T20:12:02.827+02:00  INFO 2668 --- [Expediciones] [           main] w.s.c.ServletWebServerApplicationContext : Root WebApplicationContext: initialization completed in 274 ms
2025-04-03T20:12:02.857+02:00  INFO 2668 --- [Expediciones] [           main] com.zaxxer.hikari.HikariDataSource       : HikariPool-9 - Starting...
2025-04-03T20:12:02.859+02:00  INFO 2668 --- [Expediciones] [           main] com.zaxxer.hikari.pool.HikariPool        : HikariPool-9 - Added connection conn63: url=jdbc:h2:mem:584dabbf-1367-4558-a082-0cab031c2053 user=SA
2025-04-03T20:12:02.859+02:00  INFO 2668 --- [Expediciones] [           main] com.zaxxer.hikari.HikariDataSource       : HikariPool-9 - Start completed.
2025-04-03T20:12:02.860+02:00  INFO 2668 --- [Expediciones] [           main] o.hibernate.jpa.internal.util.LogHelper  : HHH000204: Processing PersistenceUnitInfo [name: default]
2025-04-03T20:12:02.866+02:00  INFO 2668 --- [Expediciones] [           main] o.h.c.internal.RegionFactoryInitiator    : HHH000026: Second-level cache disabled
2025-04-03T20:12:02.878+02:00  INFO 2668 --- [Expediciones] [           main] o.s.o.j.p.SpringPersistenceUnitInfo      : No LoadTimeWeaver setup: ignoring JPA class transformer
2025-04-03T20:12:02.880+02:00  INFO 2668 --- [Expediciones] [           main] org.hibernate.orm.connections.pooling    : HHH10001005: Database info:
	Database JDBC URL [Connecting through datasource 'HikariDataSource (HikariPool-9)']
	Database driver: undefined/unknown
	Database version: 2.3.232
	Autocommit mode: undefined/unknown
	Isolation level: undefined/unknown
	Minimum pool size: undefined/unknown
	Maximum pool size: undefined/unknown
2025-04-03T20:12:02.952+02:00  INFO 2668 --- [Expediciones] [           main] o.h.e.t.j.p.i.JtaPlatformInitiator       : HHH000489: No JTA platform available (set 'hibernate.transaction.jta.platform' to enable JTA platform integration)
2025-04-03T20:12:02.958+02:00  INFO 2668 --- [Expediciones] [           main] j.LocalContainerEntityManagerFactoryBean : Initialized JPA EntityManagerFactory for persistence unit 'default'
2025-04-03T20:12:02.996+02:00  WARN 2668 --- [Expediciones] [           main] JpaBaseConfiguration$JpaWebConfiguration : spring.jpa.open-in-view is enabled by default. Therefore, database queries may be performed during view rendering. Explicitly configure spring.jpa.open-in-view to disable this warning
2025-04-03T20:12:03.097+02:00  INFO 2668 --- [Expediciones] [           main] o.s.b.w.embedded.tomcat.TomcatWebServer  : Tomcat started on port 59005 (http) with context path '/'
2025-04-03T20:12:03.099+02:00  INFO 2668 --- [Expediciones] [           main] e.u.i.sii.pr2025rest.ExpedicionesTests   : Started ExpedicionesTests in 0.586 seconds (process running for 15.758)
2025-04-03T20:12:03.134+02:00  INFO 2668 --- [Expediciones] [o-auto-9-exec-1] o.a.c.c.C.[Tomcat].[localhost].[/]       : Initializing Spring DispatcherServlet 'dispatcherServlet'
2025-04-03T20:12:03.135+02:00  INFO 2668 --- [Expediciones] [o-auto-9-exec-1] o.s.web.servlet.DispatcherServlet        : Initializing Servlet 'dispatcherServlet'
2025-04-03T20:12:03.136+02:00  INFO 2668 --- [Expediciones] [o-auto-9-exec-1] o.s.web.servlet.DispatcherServlet        : Completed initialization in 1 ms
2025-04-03T20:12:03.153+02:00  INFO 2668 --- [Expediciones] [           main] o.s.b.w.e.tomcat.GracefulShutdown        : Commencing graceful shutdown. Waiting for active requests to complete
2025-04-03T20:12:03.160+02:00  INFO 2668 --- [Expediciones] [tomcat-shutdown] o.s.b.w.e.tomcat.GracefulShutdown        : Graceful shutdown complete
2025-04-03T20:12:03.162+02:00  INFO 2668 --- [Expediciones] [           main] j.LocalContainerEntityManagerFactoryBean : Closing JPA EntityManagerFactory for persistence unit 'default'
2025-04-03T20:12:03.164+02:00  INFO 2668 --- [Expediciones] [           main] com.zaxxer.hikari.HikariDataSource       : HikariPool-9 - Shutdown initiated...
2025-04-03T20:12:03.173+02:00  INFO 2668 --- [Expediciones] [           main] com.zaxxer.hikari.HikariDataSource       : HikariPool-9 - Shutdown completed.
]]></system-out>
  </testcase>
  <testcase name="eliminarExpedicionConEquipo" classname="es.uma.informatica.sii.pr2025rest.ExpedicionesTests$ConExpedicion" time="0.083">
    <system-out><![CDATA[
  .   ____          _            __ _ _
 /\\ / ___'_ __ _ _(_)_ __  __ _ \ \ \ \
( ( )\___ | '_ | '_| | '_ \/ _` | \ \ \ \
 \\/  ___)| |_)| | | | | || (_| |  ) ) ) )
  '  |____| .__|_| |_|_| |_\__, | / / / /
 =========|_|==============|___/=/_/_/_/

 :: Spring Boot ::                (v3.4.4)

2025-04-03T20:12:03.205+02:00  INFO 2668 --- [Expediciones] [           main] e.u.i.sii.pr2025rest.ExpedicionesTests   : Starting ExpedicionesTests using Java 21.0.2 with PID 2668 (started by pacom in C:\Users\pacom\OneDrive\Escritorio\expediciones-manager)
2025-04-03T20:12:03.205+02:00  INFO 2668 --- [Expediciones] [           main] e.u.i.sii.pr2025rest.ExpedicionesTests   : No active profile set, falling back to 1 default profile: "default"
2025-04-03T20:12:03.344+02:00  INFO 2668 --- [Expediciones] [           main] .s.d.r.c.RepositoryConfigurationDelegate : Bootstrapping Spring Data JPA repositories in DEFAULT mode.
2025-04-03T20:12:03.357+02:00  INFO 2668 --- [Expediciones] [           main] .s.d.r.c.RepositoryConfigurationDelegate : Finished Spring Data repository scanning in 10 ms. Found 2 JPA repository interfaces.
2025-04-03T20:12:03.412+02:00  INFO 2668 --- [Expediciones] [           main] o.s.b.w.embedded.tomcat.TomcatWebServer  : Tomcat initialized with port 0 (http)
2025-04-03T20:12:03.413+02:00  INFO 2668 --- [Expediciones] [           main] o.apache.catalina.core.StandardService   : Starting service [Tomcat]
2025-04-03T20:12:03.414+02:00  INFO 2668 --- [Expediciones] [           main] o.apache.catalina.core.StandardEngine    : Starting Servlet engine: [Apache Tomcat/10.1.39]
2025-04-03T20:12:03.448+02:00  INFO 2668 --- [Expediciones] [           main] o.a.c.c.C.[Tomcat].[localhost].[/]       : Initializing Spring embedded WebApplicationContext
2025-04-03T20:12:03.448+02:00  INFO 2668 --- [Expediciones] [           main] w.s.c.ServletWebServerApplicationContext : Root WebApplicationContext: initialization completed in 240 ms
2025-04-03T20:12:03.473+02:00  INFO 2668 --- [Expediciones] [           main] com.zaxxer.hikari.HikariDataSource       : HikariPool-10 - Starting...
2025-04-03T20:12:03.475+02:00  INFO 2668 --- [Expediciones] [           main] com.zaxxer.hikari.pool.HikariPool        : HikariPool-10 - Added connection conn69: url=jdbc:h2:mem:3e0de8b9-ab16-4225-a053-53a2be65087a user=SA
2025-04-03T20:12:03.476+02:00  INFO 2668 --- [Expediciones] [           main] com.zaxxer.hikari.HikariDataSource       : HikariPool-10 - Start completed.
2025-04-03T20:12:03.477+02:00  INFO 2668 --- [Expediciones] [           main] o.hibernate.jpa.internal.util.LogHelper  : HHH000204: Processing PersistenceUnitInfo [name: default]
2025-04-03T20:12:03.480+02:00  INFO 2668 --- [Expediciones] [           main] o.h.c.internal.RegionFactoryInitiator    : HHH000026: Second-level cache disabled
2025-04-03T20:12:03.489+02:00  INFO 2668 --- [Expediciones] [           main] o.s.o.j.p.SpringPersistenceUnitInfo      : No LoadTimeWeaver setup: ignoring JPA class transformer
2025-04-03T20:12:03.490+02:00  INFO 2668 --- [Expediciones] [           main] org.hibernate.orm.connections.pooling    : HHH10001005: Database info:
	Database JDBC URL [Connecting through datasource 'HikariDataSource (HikariPool-10)']
	Database driver: undefined/unknown
	Database version: 2.3.232
	Autocommit mode: undefined/unknown
	Isolation level: undefined/unknown
	Minimum pool size: undefined/unknown
	Maximum pool size: undefined/unknown
2025-04-03T20:12:03.560+02:00  INFO 2668 --- [Expediciones] [           main] o.h.e.t.j.p.i.JtaPlatformInitiator       : HHH000489: No JTA platform available (set 'hibernate.transaction.jta.platform' to enable JTA platform integration)
2025-04-03T20:12:03.565+02:00  INFO 2668 --- [Expediciones] [           main] j.LocalContainerEntityManagerFactoryBean : Initialized JPA EntityManagerFactory for persistence unit 'default'
2025-04-03T20:12:03.597+02:00  WARN 2668 --- [Expediciones] [           main] JpaBaseConfiguration$JpaWebConfiguration : spring.jpa.open-in-view is enabled by default. Therefore, database queries may be performed during view rendering. Explicitly configure spring.jpa.open-in-view to disable this warning
2025-04-03T20:12:03.690+02:00  INFO 2668 --- [Expediciones] [           main] o.s.b.w.embedded.tomcat.TomcatWebServer  : Tomcat started on port 59008 (http) with context path '/'
2025-04-03T20:12:03.694+02:00  INFO 2668 --- [Expediciones] [           main] e.u.i.sii.pr2025rest.ExpedicionesTests   : Started ExpedicionesTests in 0.516 seconds (process running for 16.352)
2025-04-03T20:12:03.718+02:00  INFO 2668 --- [Expediciones] [-auto-10-exec-1] o.a.c.c.C.[Tomcat].[localhost].[/]       : Initializing Spring DispatcherServlet 'dispatcherServlet'
2025-04-03T20:12:03.719+02:00  INFO 2668 --- [Expediciones] [-auto-10-exec-1] o.s.web.servlet.DispatcherServlet        : Initializing Servlet 'dispatcherServlet'
2025-04-03T20:12:03.720+02:00  INFO 2668 --- [Expediciones] [-auto-10-exec-1] o.s.web.servlet.DispatcherServlet        : Completed initialization in 1 ms
2025-04-03T20:12:03.734+02:00  INFO 2668 --- [Expediciones] [           main] o.s.b.w.e.tomcat.GracefulShutdown        : Commencing graceful shutdown. Waiting for active requests to complete
2025-04-03T20:12:03.744+02:00  INFO 2668 --- [Expediciones] [tomcat-shutdown] o.s.b.w.e.tomcat.GracefulShutdown        : Graceful shutdown complete
2025-04-03T20:12:03.746+02:00  INFO 2668 --- [Expediciones] [           main] j.LocalContainerEntityManagerFactoryBean : Closing JPA EntityManagerFactory for persistence unit 'default'
2025-04-03T20:12:03.748+02:00  INFO 2668 --- [Expediciones] [           main] com.zaxxer.hikari.HikariDataSource       : HikariPool-10 - Shutdown initiated...
2025-04-03T20:12:03.778+02:00  INFO 2668 --- [Expediciones] [           main] com.zaxxer.hikari.HikariDataSource       : HikariPool-10 - Shutdown completed.
]]></system-out>
  </testcase>
  <testcase name="obtenerTodas" classname="es.uma.informatica.sii.pr2025rest.ExpedicionesTests$ConExpedicion" time="0.074">
    <system-out><![CDATA[
  .   ____          _            __ _ _
 /\\ / ___'_ __ _ _(_)_ __  __ _ \ \ \ \
( ( )\___ | '_ | '_| | '_ \/ _` | \ \ \ \
 \\/  ___)| |_)| | | | | || (_| |  ) ) ) )
  '  |____| .__|_| |_|_| |_\__, | / / / /
 =========|_|==============|___/=/_/_/_/

 :: Spring Boot ::                (v3.4.4)

2025-04-03T20:12:03.809+02:00  INFO 2668 --- [Expediciones] [           main] e.u.i.sii.pr2025rest.ExpedicionesTests   : Starting ExpedicionesTests using Java 21.0.2 with PID 2668 (started by pacom in C:\Users\pacom\OneDrive\Escritorio\expediciones-manager)
2025-04-03T20:12:03.810+02:00  INFO 2668 --- [Expediciones] [           main] e.u.i.sii.pr2025rest.ExpedicionesTests   : No active profile set, falling back to 1 default profile: "default"
2025-04-03T20:12:03.937+02:00  INFO 2668 --- [Expediciones] [           main] .s.d.r.c.RepositoryConfigurationDelegate : Bootstrapping Spring Data JPA repositories in DEFAULT mode.
2025-04-03T20:12:03.946+02:00  INFO 2668 --- [Expediciones] [           main] .s.d.r.c.RepositoryConfigurationDelegate : Finished Spring Data repository scanning in 8 ms. Found 2 JPA repository interfaces.
2025-04-03T20:12:04.011+02:00  INFO 2668 --- [Expediciones] [           main] o.s.b.w.embedded.tomcat.TomcatWebServer  : Tomcat initialized with port 0 (http)
2025-04-03T20:12:04.012+02:00  INFO 2668 --- [Expediciones] [           main] o.apache.catalina.core.StandardService   : Starting service [Tomcat]
2025-04-03T20:12:04.012+02:00  INFO 2668 --- [Expediciones] [           main] o.apache.catalina.core.StandardEngine    : Starting Servlet engine: [Apache Tomcat/10.1.39]
2025-04-03T20:12:04.040+02:00  INFO 2668 --- [Expediciones] [           main] o.a.c.c.C.[Tomcat].[localhost].[/]       : Initializing Spring embedded WebApplicationContext
2025-04-03T20:12:04.040+02:00  INFO 2668 --- [Expediciones] [           main] w.s.c.ServletWebServerApplicationContext : Root WebApplicationContext: initialization completed in 228 ms
2025-04-03T20:12:04.067+02:00  INFO 2668 --- [Expediciones] [           main] com.zaxxer.hikari.HikariDataSource       : HikariPool-11 - Starting...
2025-04-03T20:12:04.069+02:00  INFO 2668 --- [Expediciones] [           main] com.zaxxer.hikari.pool.HikariPool        : HikariPool-11 - Added connection conn75: url=jdbc:h2:mem:78d1e314-9d82-4258-9e6d-cad2f3799a3e user=SA
2025-04-03T20:12:04.069+02:00  INFO 2668 --- [Expediciones] [           main] com.zaxxer.hikari.HikariDataSource       : HikariPool-11 - Start completed.
2025-04-03T20:12:04.070+02:00  INFO 2668 --- [Expediciones] [           main] o.hibernate.jpa.internal.util.LogHelper  : HHH000204: Processing PersistenceUnitInfo [name: default]
2025-04-03T20:12:04.073+02:00  INFO 2668 --- [Expediciones] [           main] o.h.c.internal.RegionFactoryInitiator    : HHH000026: Second-level cache disabled
2025-04-03T20:12:04.083+02:00  INFO 2668 --- [Expediciones] [           main] o.s.o.j.p.SpringPersistenceUnitInfo      : No LoadTimeWeaver setup: ignoring JPA class transformer
2025-04-03T20:12:04.084+02:00  INFO 2668 --- [Expediciones] [           main] org.hibernate.orm.connections.pooling    : HHH10001005: Database info:
	Database JDBC URL [Connecting through datasource 'HikariDataSource (HikariPool-11)']
	Database driver: undefined/unknown
	Database version: 2.3.232
	Autocommit mode: undefined/unknown
	Isolation level: undefined/unknown
	Minimum pool size: undefined/unknown
	Maximum pool size: undefined/unknown
2025-04-03T20:12:04.146+02:00  INFO 2668 --- [Expediciones] [           main] o.h.e.t.j.p.i.JtaPlatformInitiator       : HHH000489: No JTA platform available (set 'hibernate.transaction.jta.platform' to enable JTA platform integration)
2025-04-03T20:12:04.151+02:00  INFO 2668 --- [Expediciones] [           main] j.LocalContainerEntityManagerFactoryBean : Initialized JPA EntityManagerFactory for persistence unit 'default'
2025-04-03T20:12:04.190+02:00  WARN 2668 --- [Expediciones] [           main] JpaBaseConfiguration$JpaWebConfiguration : spring.jpa.open-in-view is enabled by default. Therefore, database queries may be performed during view rendering. Explicitly configure spring.jpa.open-in-view to disable this warning
2025-04-03T20:12:04.280+02:00  INFO 2668 --- [Expediciones] [           main] o.s.b.w.embedded.tomcat.TomcatWebServer  : Tomcat started on port 59011 (http) with context path '/'
2025-04-03T20:12:04.283+02:00  INFO 2668 --- [Expediciones] [           main] e.u.i.sii.pr2025rest.ExpedicionesTests   : Started ExpedicionesTests in 0.499 seconds (process running for 16.942)
2025-04-03T20:12:04.306+02:00  INFO 2668 --- [Expediciones] [-auto-11-exec-1] o.a.c.c.C.[Tomcat].[localhost].[/]       : Initializing Spring DispatcherServlet 'dispatcherServlet'
2025-04-03T20:12:04.307+02:00  INFO 2668 --- [Expediciones] [-auto-11-exec-1] o.s.web.servlet.DispatcherServlet        : Initializing Servlet 'dispatcherServlet'
2025-04-03T20:12:04.308+02:00  INFO 2668 --- [Expediciones] [-auto-11-exec-1] o.s.web.servlet.DispatcherServlet        : Completed initialization in 1 ms
2025-04-03T20:12:04.329+02:00  INFO 2668 --- [Expediciones] [           main] o.s.b.w.e.tomcat.GracefulShutdown        : Commencing graceful shutdown. Waiting for active requests to complete
2025-04-03T20:12:04.336+02:00  INFO 2668 --- [Expediciones] [tomcat-shutdown] o.s.b.w.e.tomcat.GracefulShutdown        : Graceful shutdown complete
2025-04-03T20:12:04.338+02:00  INFO 2668 --- [Expediciones] [           main] j.LocalContainerEntityManagerFactoryBean : Closing JPA EntityManagerFactory for persistence unit 'default'
2025-04-03T20:12:04.340+02:00  INFO 2668 --- [Expediciones] [           main] com.zaxxer.hikari.HikariDataSource       : HikariPool-11 - Shutdown initiated...
2025-04-03T20:12:04.357+02:00  INFO 2668 --- [Expediciones] [           main] com.zaxxer.hikari.HikariDataSource       : HikariPool-11 - Shutdown completed.
]]></system-out>
  </testcase>
  <testcase name="asignarEquipoAExpedicion" classname="es.uma.informatica.sii.pr2025rest.ExpedicionesTests$ConExpedicion" time="0.108">
    <system-out><![CDATA[
  .   ____          _            __ _ _
 /\\ / ___'_ __ _ _(_)_ __  __ _ \ \ \ \
( ( )\___ | '_ | '_| | '_ \/ _` | \ \ \ \
 \\/  ___)| |_)| | | | | || (_| |  ) ) ) )
  '  |____| .__|_| |_|_| |_\__, | / / / /
 =========|_|==============|___/=/_/_/_/

 :: Spring Boot ::                (v3.4.4)

2025-04-03T20:12:04.399+02:00  INFO 2668 --- [Expediciones] [           main] e.u.i.sii.pr2025rest.ExpedicionesTests   : Starting ExpedicionesTests using Java 21.0.2 with PID 2668 (started by pacom in C:\Users\pacom\OneDrive\Escritorio\expediciones-manager)
2025-04-03T20:12:04.399+02:00  INFO 2668 --- [Expediciones] [           main] e.u.i.sii.pr2025rest.ExpedicionesTests   : No active profile set, falling back to 1 default profile: "default"
2025-04-03T20:12:04.508+02:00  INFO 2668 --- [Expediciones] [           main] .s.d.r.c.RepositoryConfigurationDelegate : Bootstrapping Spring Data JPA repositories in DEFAULT mode.
2025-04-03T20:12:04.518+02:00  INFO 2668 --- [Expediciones] [           main] .s.d.r.c.RepositoryConfigurationDelegate : Finished Spring Data repository scanning in 9 ms. Found 2 JPA repository interfaces.
2025-04-03T20:12:04.572+02:00  INFO 2668 --- [Expediciones] [           main] o.s.b.w.embedded.tomcat.TomcatWebServer  : Tomcat initialized with port 0 (http)
2025-04-03T20:12:04.573+02:00  INFO 2668 --- [Expediciones] [           main] o.apache.catalina.core.StandardService   : Starting service [Tomcat]
2025-04-03T20:12:04.573+02:00  INFO 2668 --- [Expediciones] [           main] o.apache.catalina.core.StandardEngine    : Starting Servlet engine: [Apache Tomcat/10.1.39]
2025-04-03T20:12:04.597+02:00  INFO 2668 --- [Expediciones] [           main] o.a.c.c.C.[Tomcat].[localhost].[/]       : Initializing Spring embedded WebApplicationContext
2025-04-03T20:12:04.598+02:00  INFO 2668 --- [Expediciones] [           main] w.s.c.ServletWebServerApplicationContext : Root WebApplicationContext: initialization completed in 198 ms
2025-04-03T20:12:04.628+02:00  INFO 2668 --- [Expediciones] [           main] com.zaxxer.hikari.HikariDataSource       : HikariPool-12 - Starting...
2025-04-03T20:12:04.630+02:00  INFO 2668 --- [Expediciones] [           main] com.zaxxer.hikari.pool.HikariPool        : HikariPool-12 - Added connection conn81: url=jdbc:h2:mem:0eb4f2da-f75c-4fb5-abf5-609c8d2577ce user=SA
2025-04-03T20:12:04.630+02:00  INFO 2668 --- [Expediciones] [           main] com.zaxxer.hikari.HikariDataSource       : HikariPool-12 - Start completed.
2025-04-03T20:12:04.631+02:00  INFO 2668 --- [Expediciones] [           main] o.hibernate.jpa.internal.util.LogHelper  : HHH000204: Processing PersistenceUnitInfo [name: default]
2025-04-03T20:12:04.634+02:00  INFO 2668 --- [Expediciones] [           main] o.h.c.internal.RegionFactoryInitiator    : HHH000026: Second-level cache disabled
2025-04-03T20:12:04.645+02:00  INFO 2668 --- [Expediciones] [           main] o.s.o.j.p.SpringPersistenceUnitInfo      : No LoadTimeWeaver setup: ignoring JPA class transformer
2025-04-03T20:12:04.646+02:00  INFO 2668 --- [Expediciones] [           main] org.hibernate.orm.connections.pooling    : HHH10001005: Database info:
	Database JDBC URL [Connecting through datasource 'HikariDataSource (HikariPool-12)']
	Database driver: undefined/unknown
	Database version: 2.3.232
	Autocommit mode: undefined/unknown
	Isolation level: undefined/unknown
	Minimum pool size: undefined/unknown
	Maximum pool size: undefined/unknown
2025-04-03T20:12:04.699+02:00  INFO 2668 --- [Expediciones] [           main] o.h.e.t.j.p.i.JtaPlatformInitiator       : HHH000489: No JTA platform available (set 'hibernate.transaction.jta.platform' to enable JTA platform integration)
2025-04-03T20:12:04.705+02:00  INFO 2668 --- [Expediciones] [           main] j.LocalContainerEntityManagerFactoryBean : Initialized JPA EntityManagerFactory for persistence unit 'default'
2025-04-03T20:12:04.746+02:00  WARN 2668 --- [Expediciones] [           main] JpaBaseConfiguration$JpaWebConfiguration : spring.jpa.open-in-view is enabled by default. Therefore, database queries may be performed during view rendering. Explicitly configure spring.jpa.open-in-view to disable this warning
2025-04-03T20:12:04.845+02:00  INFO 2668 --- [Expediciones] [           main] o.s.b.w.embedded.tomcat.TomcatWebServer  : Tomcat started on port 59014 (http) with context path '/'
2025-04-03T20:12:04.848+02:00  INFO 2668 --- [Expediciones] [           main] e.u.i.sii.pr2025rest.ExpedicionesTests   : Started ExpedicionesTests in 0.484 seconds (process running for 17.507)
2025-04-03T20:12:04.878+02:00  INFO 2668 --- [Expediciones] [-auto-12-exec-1] o.a.c.c.C.[Tomcat].[localhost].[/]       : Initializing Spring DispatcherServlet 'dispatcherServlet'
2025-04-03T20:12:04.879+02:00  INFO 2668 --- [Expediciones] [-auto-12-exec-1] o.s.web.servlet.DispatcherServlet        : Initializing Servlet 'dispatcherServlet'
2025-04-03T20:12:04.880+02:00  INFO 2668 --- [Expediciones] [-auto-12-exec-1] o.s.web.servlet.DispatcherServlet        : Completed initialization in 1 ms
2025-04-03T20:12:04.916+02:00  WARN 2668 --- [Expediciones] [-auto-12-exec-1] .w.s.m.s.DefaultHandlerExceptionResolver : Ignoring exception, response committed already: org.springframework.http.converter.HttpMessageNotWritableException: Could not write JSON: Document nesting depth (1001) exceeds the maximum allowed (1000, from `StreamWriteConstraints.getMaxNestingDepth()`)
2025-04-03T20:12:04.916+02:00  WARN 2668 --- [Expediciones] [-auto-12-exec-1] .w.s.m.s.DefaultHandlerExceptionResolver : Resolved [org.springframework.http.converter.HttpMessageNotWritableException: Could not write JSON: Document nesting depth (1001) exceeds the maximum allowed (1000, from `StreamWriteConstraints.getMaxNestingDepth()`)]
2025-04-03T20:12:04.934+02:00  INFO 2668 --- [Expediciones] [           main] o.s.b.w.e.tomcat.GracefulShutdown        : Commencing graceful shutdown. Waiting for active requests to complete
2025-04-03T20:12:04.944+02:00  INFO 2668 --- [Expediciones] [tomcat-shutdown] o.s.b.w.e.tomcat.GracefulShutdown        : Graceful shutdown complete
2025-04-03T20:12:04.946+02:00  INFO 2668 --- [Expediciones] [           main] j.LocalContainerEntityManagerFactoryBean : Closing JPA EntityManagerFactory for persistence unit 'default'
2025-04-03T20:12:04.948+02:00  INFO 2668 --- [Expediciones] [           main] com.zaxxer.hikari.HikariDataSource       : HikariPool-12 - Shutdown initiated...
2025-04-03T20:12:04.955+02:00  INFO 2668 --- [Expediciones] [           main] com.zaxxer.hikari.HikariDataSource       : HikariPool-12 - Shutdown completed.
]]></system-out>
  </testcase>
  <testcase name="actualizarExpedicionExiste" classname="es.uma.informatica.sii.pr2025rest.ExpedicionesTests$ConExpedicion" time="0.071">
    <system-out><![CDATA[
  .   ____          _            __ _ _
 /\\ / ___'_ __ _ _(_)_ __  __ _ \ \ \ \
( ( )\___ | '_ | '_| | '_ \/ _` | \ \ \ \
 \\/  ___)| |_)| | | | | || (_| |  ) ) ) )
  '  |____| .__|_| |_|_| |_\__, | / / / /
 =========|_|==============|___/=/_/_/_/

 :: Spring Boot ::                (v3.4.4)

2025-04-03T20:12:04.983+02:00  INFO 2668 --- [Expediciones] [           main] e.u.i.sii.pr2025rest.ExpedicionesTests   : Starting ExpedicionesTests using Java 21.0.2 with PID 2668 (started by pacom in C:\Users\pacom\OneDrive\Escritorio\expediciones-manager)
2025-04-03T20:12:04.983+02:00  INFO 2668 --- [Expediciones] [           main] e.u.i.sii.pr2025rest.ExpedicionesTests   : No active profile set, falling back to 1 default profile: "default"
2025-04-03T20:12:05.103+02:00  INFO 2668 --- [Expediciones] [           main] .s.d.r.c.RepositoryConfigurationDelegate : Bootstrapping Spring Data JPA repositories in DEFAULT mode.
2025-04-03T20:12:05.113+02:00  INFO 2668 --- [Expediciones] [           main] .s.d.r.c.RepositoryConfigurationDelegate : Finished Spring Data repository scanning in 9 ms. Found 2 JPA repository interfaces.
2025-04-03T20:12:05.164+02:00  INFO 2668 --- [Expediciones] [           main] o.s.b.w.embedded.tomcat.TomcatWebServer  : Tomcat initialized with port 0 (http)
2025-04-03T20:12:05.165+02:00  INFO 2668 --- [Expediciones] [           main] o.apache.catalina.core.StandardService   : Starting service [Tomcat]
2025-04-03T20:12:05.166+02:00  INFO 2668 --- [Expediciones] [           main] o.apache.catalina.core.StandardEngine    : Starting Servlet engine: [Apache Tomcat/10.1.39]
2025-04-03T20:12:05.189+02:00  INFO 2668 --- [Expediciones] [           main] o.a.c.c.C.[Tomcat].[localhost].[/]       : Initializing Spring embedded WebApplicationContext
2025-04-03T20:12:05.189+02:00  INFO 2668 --- [Expediciones] [           main] w.s.c.ServletWebServerApplicationContext : Root WebApplicationContext: initialization completed in 204 ms
2025-04-03T20:12:05.215+02:00  INFO 2668 --- [Expediciones] [           main] com.zaxxer.hikari.HikariDataSource       : HikariPool-13 - Starting...
2025-04-03T20:12:05.217+02:00  INFO 2668 --- [Expediciones] [           main] com.zaxxer.hikari.pool.HikariPool        : HikariPool-13 - Added connection conn89: url=jdbc:h2:mem:ef128169-b3f5-42ca-b3b1-e1e5bc15d153 user=SA
2025-04-03T20:12:05.218+02:00  INFO 2668 --- [Expediciones] [           main] com.zaxxer.hikari.HikariDataSource       : HikariPool-13 - Start completed.
2025-04-03T20:12:05.220+02:00  INFO 2668 --- [Expediciones] [           main] o.hibernate.jpa.internal.util.LogHelper  : HHH000204: Processing PersistenceUnitInfo [name: default]
2025-04-03T20:12:05.222+02:00  INFO 2668 --- [Expediciones] [           main] o.h.c.internal.RegionFactoryInitiator    : HHH000026: Second-level cache disabled
2025-04-03T20:12:05.236+02:00  INFO 2668 --- [Expediciones] [           main] o.s.o.j.p.SpringPersistenceUnitInfo      : No LoadTimeWeaver setup: ignoring JPA class transformer
2025-04-03T20:12:05.237+02:00  INFO 2668 --- [Expediciones] [           main] org.hibernate.orm.connections.pooling    : HHH10001005: Database info:
	Database JDBC URL [Connecting through datasource 'HikariDataSource (HikariPool-13)']
	Database driver: undefined/unknown
	Database version: 2.3.232
	Autocommit mode: undefined/unknown
	Isolation level: undefined/unknown
	Minimum pool size: undefined/unknown
	Maximum pool size: undefined/unknown
2025-04-03T20:12:05.310+02:00  INFO 2668 --- [Expediciones] [           main] o.h.e.t.j.p.i.JtaPlatformInitiator       : HHH000489: No JTA platform available (set 'hibernate.transaction.jta.platform' to enable JTA platform integration)
2025-04-03T20:12:05.316+02:00  INFO 2668 --- [Expediciones] [           main] j.LocalContainerEntityManagerFactoryBean : Initialized JPA EntityManagerFactory for persistence unit 'default'
2025-04-03T20:12:05.349+02:00  WARN 2668 --- [Expediciones] [           main] JpaBaseConfiguration$JpaWebConfiguration : spring.jpa.open-in-view is enabled by default. Therefore, database queries may be performed during view rendering. Explicitly configure spring.jpa.open-in-view to disable this warning
2025-04-03T20:12:05.430+02:00  INFO 2668 --- [Expediciones] [           main] o.s.b.w.embedded.tomcat.TomcatWebServer  : Tomcat started on port 59017 (http) with context path '/'
2025-04-03T20:12:05.432+02:00  INFO 2668 --- [Expediciones] [           main] e.u.i.sii.pr2025rest.ExpedicionesTests   : Started ExpedicionesTests in 0.469 seconds (process running for 18.091)
2025-04-03T20:12:05.456+02:00  INFO 2668 --- [Expediciones] [-auto-13-exec-1] o.a.c.c.C.[Tomcat].[localhost].[/]       : Initializing Spring DispatcherServlet 'dispatcherServlet'
2025-04-03T20:12:05.457+02:00  INFO 2668 --- [Expediciones] [-auto-13-exec-1] o.s.web.servlet.DispatcherServlet        : Initializing Servlet 'dispatcherServlet'
2025-04-03T20:12:05.458+02:00  INFO 2668 --- [Expediciones] [-auto-13-exec-1] o.s.web.servlet.DispatcherServlet        : Completed initialization in 1 ms
2025-04-03T20:12:05.487+02:00  INFO 2668 --- [Expediciones] [           main] o.s.b.w.e.tomcat.GracefulShutdown        : Commencing graceful shutdown. Waiting for active requests to complete
2025-04-03T20:12:05.495+02:00  INFO 2668 --- [Expediciones] [tomcat-shutdown] o.s.b.w.e.tomcat.GracefulShutdown        : Graceful shutdown complete
2025-04-03T20:12:05.497+02:00  INFO 2668 --- [Expediciones] [           main] j.LocalContainerEntityManagerFactoryBean : Closing JPA EntityManagerFactory for persistence unit 'default'
2025-04-03T20:12:05.498+02:00  INFO 2668 --- [Expediciones] [           main] com.zaxxer.hikari.HikariDataSource       : HikariPool-13 - Shutdown initiated...
2025-04-03T20:12:05.502+02:00  INFO 2668 --- [Expediciones] [           main] com.zaxxer.hikari.HikariDataSource       : HikariPool-13 - Shutdown completed.
]]></system-out>
  </testcase>
  <testcase name="asignarEquipoAExpedicionEquipoNoExiste" classname="es.uma.informatica.sii.pr2025rest.ExpedicionesTests$ConExpedicion" time="0.135">
    <system-out><![CDATA[
  .   ____          _            __ _ _
 /\\ / ___'_ __ _ _(_)_ __  __ _ \ \ \ \
( ( )\___ | '_ | '_| | '_ \/ _` | \ \ \ \
 \\/  ___)| |_)| | | | | || (_| |  ) ) ) )
  '  |____| .__|_| |_|_| |_\__, | / / / /
 =========|_|==============|___/=/_/_/_/

 :: Spring Boot ::                (v3.4.4)

2025-04-03T20:12:05.529+02:00  INFO 2668 --- [Expediciones] [           main] e.u.i.sii.pr2025rest.ExpedicionesTests   : Starting ExpedicionesTests using Java 21.0.2 with PID 2668 (started by pacom in C:\Users\pacom\OneDrive\Escritorio\expediciones-manager)
2025-04-03T20:12:05.529+02:00  INFO 2668 --- [Expediciones] [           main] e.u.i.sii.pr2025rest.ExpedicionesTests   : No active profile set, falling back to 1 default profile: "default"
2025-04-03T20:12:05.645+02:00  INFO 2668 --- [Expediciones] [           main] .s.d.r.c.RepositoryConfigurationDelegate : Bootstrapping Spring Data JPA repositories in DEFAULT mode.
2025-04-03T20:12:05.657+02:00  INFO 2668 --- [Expediciones] [           main] .s.d.r.c.RepositoryConfigurationDelegate : Finished Spring Data repository scanning in 10 ms. Found 2 JPA repository interfaces.
2025-04-03T20:12:05.718+02:00  INFO 2668 --- [Expediciones] [           main] o.s.b.w.embedded.tomcat.TomcatWebServer  : Tomcat initialized with port 0 (http)
2025-04-03T20:12:05.719+02:00  INFO 2668 --- [Expediciones] [           main] o.apache.catalina.core.StandardService   : Starting service [Tomcat]
2025-04-03T20:12:05.720+02:00  INFO 2668 --- [Expediciones] [           main] o.apache.catalina.core.StandardEngine    : Starting Servlet engine: [Apache Tomcat/10.1.39]
2025-04-03T20:12:05.752+02:00  INFO 2668 --- [Expediciones] [           main] o.a.c.c.C.[Tomcat].[localhost].[/]       : Initializing Spring embedded WebApplicationContext
2025-04-03T20:12:05.752+02:00  INFO 2668 --- [Expediciones] [           main] w.s.c.ServletWebServerApplicationContext : Root WebApplicationContext: initialization completed in 221 ms
2025-04-03T20:12:05.779+02:00  INFO 2668 --- [Expediciones] [           main] com.zaxxer.hikari.HikariDataSource       : HikariPool-14 - Starting...
2025-04-03T20:12:05.781+02:00  INFO 2668 --- [Expediciones] [           main] com.zaxxer.hikari.pool.HikariPool        : HikariPool-14 - Added connection conn95: url=jdbc:h2:mem:d3dfd72f-1803-4598-88af-9015e6af7eb1 user=SA
2025-04-03T20:12:05.781+02:00  INFO 2668 --- [Expediciones] [           main] com.zaxxer.hikari.HikariDataSource       : HikariPool-14 - Start completed.
2025-04-03T20:12:05.782+02:00  INFO 2668 --- [Expediciones] [           main] o.hibernate.jpa.internal.util.LogHelper  : HHH000204: Processing PersistenceUnitInfo [name: default]
2025-04-03T20:12:05.784+02:00  INFO 2668 --- [Expediciones] [           main] o.h.c.internal.RegionFactoryInitiator    : HHH000026: Second-level cache disabled
2025-04-03T20:12:05.792+02:00  INFO 2668 --- [Expediciones] [           main] o.s.o.j.p.SpringPersistenceUnitInfo      : No LoadTimeWeaver setup: ignoring JPA class transformer
2025-04-03T20:12:05.794+02:00  INFO 2668 --- [Expediciones] [           main] org.hibernate.orm.connections.pooling    : HHH10001005: Database info:
	Database JDBC URL [Connecting through datasource 'HikariDataSource (HikariPool-14)']
	Database driver: undefined/unknown
	Database version: 2.3.232
	Autocommit mode: undefined/unknown
	Isolation level: undefined/unknown
	Minimum pool size: undefined/unknown
	Maximum pool size: undefined/unknown
2025-04-03T20:12:05.859+02:00  INFO 2668 --- [Expediciones] [           main] o.h.e.t.j.p.i.JtaPlatformInitiator       : HHH000489: No JTA platform available (set 'hibernate.transaction.jta.platform' to enable JTA platform integration)
2025-04-03T20:12:05.870+02:00  INFO 2668 --- [Expediciones] [           main] j.LocalContainerEntityManagerFactoryBean : Initialized JPA EntityManagerFactory for persistence unit 'default'
2025-04-03T20:12:05.925+02:00  WARN 2668 --- [Expediciones] [           main] JpaBaseConfiguration$JpaWebConfiguration : spring.jpa.open-in-view is enabled by default. Therefore, database queries may be performed during view rendering. Explicitly configure spring.jpa.open-in-view to disable this warning
2025-04-03T20:12:06.032+02:00  INFO 2668 --- [Expediciones] [           main] o.s.b.w.embedded.tomcat.TomcatWebServer  : Tomcat started on port 59020 (http) with context path '/'
2025-04-03T20:12:06.036+02:00  INFO 2668 --- [Expediciones] [           main] e.u.i.sii.pr2025rest.ExpedicionesTests   : Started ExpedicionesTests in 0.526 seconds (process running for 18.695)
2025-04-03T20:12:06.089+02:00  INFO 2668 --- [Expediciones] [-auto-14-exec-1] o.a.c.c.C.[Tomcat].[localhost].[/]       : Initializing Spring DispatcherServlet 'dispatcherServlet'
2025-04-03T20:12:06.089+02:00  INFO 2668 --- [Expediciones] [-auto-14-exec-1] o.s.web.servlet.DispatcherServlet        : Initializing Servlet 'dispatcherServlet'
2025-04-03T20:12:06.092+02:00  INFO 2668 --- [Expediciones] [-auto-14-exec-1] o.s.web.servlet.DispatcherServlet        : Completed initialization in 1 ms
2025-04-03T20:12:06.115+02:00  INFO 2668 --- [Expediciones] [           main] o.s.b.w.e.tomcat.GracefulShutdown        : Commencing graceful shutdown. Waiting for active requests to complete
2025-04-03T20:12:06.124+02:00  INFO 2668 --- [Expediciones] [tomcat-shutdown] o.s.b.w.e.tomcat.GracefulShutdown        : Graceful shutdown complete
2025-04-03T20:12:06.127+02:00  INFO 2668 --- [Expediciones] [           main] j.LocalContainerEntityManagerFactoryBean : Closing JPA EntityManagerFactory for persistence unit 'default'
2025-04-03T20:12:06.129+02:00  INFO 2668 --- [Expediciones] [           main] com.zaxxer.hikari.HikariDataSource       : HikariPool-14 - Shutdown initiated...
2025-04-03T20:12:06.171+02:00  INFO 2668 --- [Expediciones] [           main] com.zaxxer.hikari.HikariDataSource       : HikariPool-14 - Shutdown completed.
]]></system-out>
  </testcase>
  <testcase name="eliminarEquipoDeExpedicion" classname="es.uma.informatica.sii.pr2025rest.ExpedicionesTests$ConExpedicion" time="0.092">
    <system-out><![CDATA[
  .   ____          _            __ _ _
 /\\ / ___'_ __ _ _(_)_ __  __ _ \ \ \ \
( ( )\___ | '_ | '_| | '_ \/ _` | \ \ \ \
 \\/  ___)| |_)| | | | | || (_| |  ) ) ) )
  '  |____| .__|_| |_|_| |_\__, | / / / /
 =========|_|==============|___/=/_/_/_/

 :: Spring Boot ::                (v3.4.4)

2025-04-03T20:12:06.207+02:00  INFO 2668 --- [Expediciones] [           main] e.u.i.sii.pr2025rest.ExpedicionesTests   : Starting ExpedicionesTests using Java 21.0.2 with PID 2668 (started by pacom in C:\Users\pacom\OneDrive\Escritorio\expediciones-manager)
2025-04-03T20:12:06.207+02:00  INFO 2668 --- [Expediciones] [           main] e.u.i.sii.pr2025rest.ExpedicionesTests   : No active profile set, falling back to 1 default profile: "default"
2025-04-03T20:12:06.480+02:00  INFO 2668 --- [Expediciones] [           main] .s.d.r.c.RepositoryConfigurationDelegate : Bootstrapping Spring Data JPA repositories in DEFAULT mode.
2025-04-03T20:12:06.495+02:00  INFO 2668 --- [Expediciones] [           main] .s.d.r.c.RepositoryConfigurationDelegate : Finished Spring Data repository scanning in 13 ms. Found 2 JPA repository interfaces.
2025-04-03T20:12:06.575+02:00  INFO 2668 --- [Expediciones] [           main] o.s.b.w.embedded.tomcat.TomcatWebServer  : Tomcat initialized with port 0 (http)
2025-04-03T20:12:06.577+02:00  INFO 2668 --- [Expediciones] [           main] o.apache.catalina.core.StandardService   : Starting service [Tomcat]
2025-04-03T20:12:06.578+02:00  INFO 2668 --- [Expediciones] [           main] o.apache.catalina.core.StandardEngine    : Starting Servlet engine: [Apache Tomcat/10.1.39]
2025-04-03T20:12:06.620+02:00  INFO 2668 --- [Expediciones] [           main] o.a.c.c.C.[Tomcat].[localhost].[/]       : Initializing Spring embedded WebApplicationContext
2025-04-03T20:12:06.622+02:00  INFO 2668 --- [Expediciones] [           main] w.s.c.ServletWebServerApplicationContext : Root WebApplicationContext: initialization completed in 413 ms
2025-04-03T20:12:06.669+02:00  INFO 2668 --- [Expediciones] [           main] com.zaxxer.hikari.HikariDataSource       : HikariPool-15 - Starting...
2025-04-03T20:12:06.674+02:00  INFO 2668 --- [Expediciones] [           main] com.zaxxer.hikari.pool.HikariPool        : HikariPool-15 - Added connection conn103: url=jdbc:h2:mem:a1ec3024-d13e-4173-8d5c-6c52225b8035 user=SA
2025-04-03T20:12:06.674+02:00  INFO 2668 --- [Expediciones] [           main] com.zaxxer.hikari.HikariDataSource       : HikariPool-15 - Start completed.
2025-04-03T20:12:06.677+02:00  INFO 2668 --- [Expediciones] [           main] o.hibernate.jpa.internal.util.LogHelper  : HHH000204: Processing PersistenceUnitInfo [name: default]
2025-04-03T20:12:06.684+02:00  INFO 2668 --- [Expediciones] [           main] o.h.c.internal.RegionFactoryInitiator    : HHH000026: Second-level cache disabled
2025-04-03T20:12:06.702+02:00  INFO 2668 --- [Expediciones] [           main] o.s.o.j.p.SpringPersistenceUnitInfo      : No LoadTimeWeaver setup: ignoring JPA class transformer
2025-04-03T20:12:06.706+02:00  INFO 2668 --- [Expediciones] [           main] org.hibernate.orm.connections.pooling    : HHH10001005: Database info:
	Database JDBC URL [Connecting through datasource 'HikariDataSource (HikariPool-15)']
	Database driver: undefined/unknown
	Database version: 2.3.232
	Autocommit mode: undefined/unknown
	Isolation level: undefined/unknown
	Minimum pool size: undefined/unknown
	Maximum pool size: undefined/unknown
2025-04-03T20:12:06.800+02:00  INFO 2668 --- [Expediciones] [           main] o.h.e.t.j.p.i.JtaPlatformInitiator       : HHH000489: No JTA platform available (set 'hibernate.transaction.jta.platform' to enable JTA platform integration)
2025-04-03T20:12:06.825+02:00  INFO 2668 --- [Expediciones] [           main] j.LocalContainerEntityManagerFactoryBean : Initialized JPA EntityManagerFactory for persistence unit 'default'
2025-04-03T20:12:06.879+02:00  WARN 2668 --- [Expediciones] [           main] JpaBaseConfiguration$JpaWebConfiguration : spring.jpa.open-in-view is enabled by default. Therefore, database queries may be performed during view rendering. Explicitly configure spring.jpa.open-in-view to disable this warning
2025-04-03T20:12:07.028+02:00  INFO 2668 --- [Expediciones] [           main] o.s.b.w.embedded.tomcat.TomcatWebServer  : Tomcat started on port 59024 (http) with context path '/'
2025-04-03T20:12:07.032+02:00  INFO 2668 --- [Expediciones] [           main] e.u.i.sii.pr2025rest.ExpedicionesTests   : Started ExpedicionesTests in 0.853 seconds (process running for 19.69)
2025-04-03T20:12:07.069+02:00  INFO 2668 --- [Expediciones] [-auto-15-exec-1] o.a.c.c.C.[Tomcat].[localhost].[/]       : Initializing Spring DispatcherServlet 'dispatcherServlet'
2025-04-03T20:12:07.070+02:00  INFO 2668 --- [Expediciones] [-auto-15-exec-1] o.s.web.servlet.DispatcherServlet        : Initializing Servlet 'dispatcherServlet'
2025-04-03T20:12:07.072+02:00  INFO 2668 --- [Expediciones] [-auto-15-exec-1] o.s.web.servlet.DispatcherServlet        : Completed initialization in 2 ms
2025-04-03T20:12:07.104+02:00  INFO 2668 --- [Expediciones] [           main] o.s.b.w.e.tomcat.GracefulShutdown        : Commencing graceful shutdown. Waiting for active requests to complete
2025-04-03T20:12:07.115+02:00  INFO 2668 --- [Expediciones] [tomcat-shutdown] o.s.b.w.e.tomcat.GracefulShutdown        : Graceful shutdown complete
2025-04-03T20:12:07.118+02:00  INFO 2668 --- [Expediciones] [           main] j.LocalContainerEntityManagerFactoryBean : Closing JPA EntityManagerFactory for persistence unit 'default'
2025-04-03T20:12:07.120+02:00  INFO 2668 --- [Expediciones] [           main] com.zaxxer.hikari.HikariDataSource       : HikariPool-15 - Shutdown initiated...
2025-04-03T20:12:07.122+02:00  INFO 2668 --- [Expediciones] [           main] com.zaxxer.hikari.HikariDataSource       : HikariPool-15 - Shutdown completed.
]]></system-out>
  </testcase>
  <testcase name="eliminarExpedicionSinEquipo" classname="es.uma.informatica.sii.pr2025rest.ExpedicionesTests$ConExpedicion" time="0.075">
    <system-out><![CDATA[
  .   ____          _            __ _ _
 /\\ / ___'_ __ _ _(_)_ __  __ _ \ \ \ \
( ( )\___ | '_ | '_| | '_ \/ _` | \ \ \ \
 \\/  ___)| |_)| | | | | || (_| |  ) ) ) )
  '  |____| .__|_| |_|_| |_\__, | / / / /
 =========|_|==============|___/=/_/_/_/

 :: Spring Boot ::                (v3.4.4)

2025-04-03T20:12:07.170+02:00  INFO 2668 --- [Expediciones] [           main] e.u.i.sii.pr2025rest.ExpedicionesTests   : Starting ExpedicionesTests using Java 21.0.2 with PID 2668 (started by pacom in C:\Users\pacom\OneDrive\Escritorio\expediciones-manager)
2025-04-03T20:12:07.170+02:00  INFO 2668 --- [Expediciones] [           main] e.u.i.sii.pr2025rest.ExpedicionesTests   : No active profile set, falling back to 1 default profile: "default"
2025-04-03T20:12:07.340+02:00  INFO 2668 --- [Expediciones] [           main] .s.d.r.c.RepositoryConfigurationDelegate : Bootstrapping Spring Data JPA repositories in DEFAULT mode.
2025-04-03T20:12:07.359+02:00  INFO 2668 --- [Expediciones] [           main] .s.d.r.c.RepositoryConfigurationDelegate : Finished Spring Data repository scanning in 16 ms. Found 2 JPA repository interfaces.
2025-04-03T20:12:07.433+02:00  INFO 2668 --- [Expediciones] [           main] o.s.b.w.embedded.tomcat.TomcatWebServer  : Tomcat initialized with port 0 (http)
2025-04-03T20:12:07.434+02:00  INFO 2668 --- [Expediciones] [           main] o.apache.catalina.core.StandardService   : Starting service [Tomcat]
2025-04-03T20:12:07.434+02:00  INFO 2668 --- [Expediciones] [           main] o.apache.catalina.core.StandardEngine    : Starting Servlet engine: [Apache Tomcat/10.1.39]
2025-04-03T20:12:07.468+02:00  INFO 2668 --- [Expediciones] [           main] o.a.c.c.C.[Tomcat].[localhost].[/]       : Initializing Spring embedded WebApplicationContext
2025-04-03T20:12:07.468+02:00  INFO 2668 --- [Expediciones] [           main] w.s.c.ServletWebServerApplicationContext : Root WebApplicationContext: initialization completed in 295 ms
2025-04-03T20:12:07.505+02:00  INFO 2668 --- [Expediciones] [           main] com.zaxxer.hikari.HikariDataSource       : HikariPool-16 - Starting...
2025-04-03T20:12:07.508+02:00  INFO 2668 --- [Expediciones] [           main] com.zaxxer.hikari.pool.HikariPool        : HikariPool-16 - Added connection conn113: url=jdbc:h2:mem:57c49767-59ca-4ead-8cc2-9d483d148cab user=SA
2025-04-03T20:12:07.509+02:00  INFO 2668 --- [Expediciones] [           main] com.zaxxer.hikari.HikariDataSource       : HikariPool-16 - Start completed.
2025-04-03T20:12:07.510+02:00  INFO 2668 --- [Expediciones] [           main] o.hibernate.jpa.internal.util.LogHelper  : HHH000204: Processing PersistenceUnitInfo [name: default]
2025-04-03T20:12:07.513+02:00  INFO 2668 --- [Expediciones] [           main] o.h.c.internal.RegionFactoryInitiator    : HHH000026: Second-level cache disabled
2025-04-03T20:12:07.524+02:00  INFO 2668 --- [Expediciones] [           main] o.s.o.j.p.SpringPersistenceUnitInfo      : No LoadTimeWeaver setup: ignoring JPA class transformer
2025-04-03T20:12:07.526+02:00  INFO 2668 --- [Expediciones] [           main] org.hibernate.orm.connections.pooling    : HHH10001005: Database info:
	Database JDBC URL [Connecting through datasource 'HikariDataSource (HikariPool-16)']
	Database driver: undefined/unknown
	Database version: 2.3.232
	Autocommit mode: undefined/unknown
	Isolation level: undefined/unknown
	Minimum pool size: undefined/unknown
	Maximum pool size: undefined/unknown
2025-04-03T20:12:07.619+02:00  INFO 2668 --- [Expediciones] [           main] o.h.e.t.j.p.i.JtaPlatformInitiator       : HHH000489: No JTA platform available (set 'hibernate.transaction.jta.platform' to enable JTA platform integration)
2025-04-03T20:12:07.640+02:00  INFO 2668 --- [Expediciones] [           main] j.LocalContainerEntityManagerFactoryBean : Initialized JPA EntityManagerFactory for persistence unit 'default'
2025-04-03T20:12:07.699+02:00  WARN 2668 --- [Expediciones] [           main] JpaBaseConfiguration$JpaWebConfiguration : spring.jpa.open-in-view is enabled by default. Therefore, database queries may be performed during view rendering. Explicitly configure spring.jpa.open-in-view to disable this warning
2025-04-03T20:12:07.834+02:00  INFO 2668 --- [Expediciones] [           main] o.s.b.w.embedded.tomcat.TomcatWebServer  : Tomcat started on port 59028 (http) with context path '/'
2025-04-03T20:12:07.838+02:00  INFO 2668 --- [Expediciones] [           main] e.u.i.sii.pr2025rest.ExpedicionesTests   : Started ExpedicionesTests in 0.706 seconds (process running for 20.496)
2025-04-03T20:12:07.862+02:00  INFO 2668 --- [Expediciones] [-auto-16-exec-1] o.a.c.c.C.[Tomcat].[localhost].[/]       : Initializing Spring DispatcherServlet 'dispatcherServlet'
2025-04-03T20:12:07.862+02:00  INFO 2668 --- [Expediciones] [-auto-16-exec-1] o.s.web.servlet.DispatcherServlet        : Initializing Servlet 'dispatcherServlet'
2025-04-03T20:12:07.862+02:00  INFO 2668 --- [Expediciones] [-auto-16-exec-1] o.s.web.servlet.DispatcherServlet        : Completed initialization in 0 ms
2025-04-03T20:12:07.876+02:00  INFO 2668 --- [Expediciones] [           main] o.s.b.w.e.tomcat.GracefulShutdown        : Commencing graceful shutdown. Waiting for active requests to complete
2025-04-03T20:12:07.883+02:00  INFO 2668 --- [Expediciones] [tomcat-shutdown] o.s.b.w.e.tomcat.GracefulShutdown        : Graceful shutdown complete
2025-04-03T20:12:07.885+02:00  INFO 2668 --- [Expediciones] [           main] j.LocalContainerEntityManagerFactoryBean : Closing JPA EntityManagerFactory for persistence unit 'default'
2025-04-03T20:12:07.886+02:00  INFO 2668 --- [Expediciones] [           main] com.zaxxer.hikari.HikariDataSource       : HikariPool-16 - Shutdown initiated...
2025-04-03T20:12:07.914+02:00  INFO 2668 --- [Expediciones] [           main] com.zaxxer.hikari.HikariDataSource       : HikariPool-16 - Shutdown completed.
]]></system-out>
  </testcase>
</testsuite>