<?xml version="1.0" encoding="UTF-8"?>
<testsuite xmlns:xsi="http://www.w3.org/2001/XMLSchema-instance" xsi:noNamespaceSchemaLocation="https://maven.apache.org/surefire/maven-surefire-plugin/xsd/surefire-test-report-3.0.xsd" version="3.0" name="es.uma.informatica.sii.pr2025rest.EquipoTests$SinEquipos" time="2.795" tests="4" errors="0" skipped="0" failures="0">
  <properties>
[...]
</properties>
  <testcase name="obtenerPorIdNoExiste" classname="es.uma.informatica.sii.pr2025rest.EquipoTests$SinEquipos" time="0.064">
    <system-out><![CDATA[2025-04-03T20:11:59.684+02:00  INFO 2668 --- [Expediciones] [           main] t.c.s.AnnotationConfigContextLoaderUtils : Could not detect default configuration classes for test class [es.uma.informatica.sii.pr2025rest.EquipoTests$SinEquipos]: SinEquipos does not declare any static, non-private, non-final, nested classes annotated with @Configuration.
2025-04-03T20:11:59.691+02:00  INFO 2668 --- [Expediciones] [           main] .b.t.c.SpringBootTestContextBootstrapper : Found @SpringBootConfiguration es.uma.informatica.sii.pr2025rest.ExpedicionesApplication for test class es.uma.informatica.sii.pr2025rest.EquipoTests$SinEquipos

  .   ____          _            __ _ _
 /\\ / ___'_ __ _ _(_)_ __  __ _ \ \ \ \
( ( )\___ | '_ | '_| | '_ \/ _` | \ \ \ \
 \\/  ___)| |_)| | | | | || (_| |  ) ) ) )
  '  |____| .__|_| |_|_| |_\__, | / / / /
 =========|_|==============|___/=/_/_/_/

 :: Spring Boot ::                (v3.4.4)

2025-04-03T20:11:59.766+02:00  INFO 2668 --- [Expediciones] [           main] e.u.i.sii.pr2025rest.EquipoTests         : Starting EquipoTests using Java 21.0.2 with PID 2668 (started by pacom in C:\Users\pacom\OneDrive\Escritorio\expediciones-manager)
2025-04-03T20:11:59.766+02:00  INFO 2668 --- [Expediciones] [           main] e.u.i.sii.pr2025rest.EquipoTests         : No active profile set, falling back to 1 default profile: "default"
2025-04-03T20:11:59.980+02:00  INFO 2668 --- [Expediciones] [           main] .s.d.r.c.RepositoryConfigurationDelegate : Bootstrapping Spring Data JPA repositories in DEFAULT mode.
2025-04-03T20:11:59.995+02:00  INFO 2668 --- [Expediciones] [           main] .s.d.r.c.RepositoryConfigurationDelegate : Finished Spring Data repository scanning in 13 ms. Found 2 JPA repository interfaces.
2025-04-03T20:12:00.082+02:00  INFO 2668 --- [Expediciones] [           main] o.s.b.w.embedded.tomcat.TomcatWebServer  : Tomcat initialized with port 0 (http)
2025-04-03T20:12:00.083+02:00  INFO 2668 --- [Expediciones] [           main] o.apache.catalina.core.StandardService   : Starting service [Tomcat]
2025-04-03T20:12:00.084+02:00  INFO 2668 --- [Expediciones] [           main] o.apache.catalina.core.StandardEngine    : Starting Servlet engine: [Apache Tomcat/10.1.39]
2025-04-03T20:12:00.111+02:00  INFO 2668 --- [Expediciones] [           main] o.a.c.c.C.[Tomcat].[localhost].[/]       : Initializing Spring embedded WebApplicationContext
2025-04-03T20:12:00.112+02:00  INFO 2668 --- [Expediciones] [           main] w.s.c.ServletWebServerApplicationContext : Root WebApplicationContext: initialization completed in 342 ms
2025-04-03T20:12:00.148+02:00  INFO 2668 --- [Expediciones] [           main] com.zaxxer.hikari.HikariDataSource       : HikariPool-5 - Starting...
2025-04-03T20:12:00.150+02:00  INFO 2668 --- [Expediciones] [           main] com.zaxxer.hikari.pool.HikariPool        : HikariPool-5 - Added connection conn36: url=jdbc:h2:mem:ac677f96-727e-45a4-bd42-ace7a3d532d3 user=SA
2025-04-03T20:12:00.150+02:00  INFO 2668 --- [Expediciones] [           main] com.zaxxer.hikari.HikariDataSource       : HikariPool-5 - Start completed.
2025-04-03T20:12:00.151+02:00  INFO 2668 --- [Expediciones] [           main] o.hibernate.jpa.internal.util.LogHelper  : HHH000204: Processing PersistenceUnitInfo [name: default]
2025-04-03T20:12:00.156+02:00  INFO 2668 --- [Expediciones] [           main] o.h.c.internal.RegionFactoryInitiator    : HHH000026: Second-level cache disabled
2025-04-03T20:12:00.170+02:00  INFO 2668 --- [Expediciones] [           main] o.s.o.j.p.SpringPersistenceUnitInfo      : No LoadTimeWeaver setup: ignoring JPA class transformer
2025-04-03T20:12:00.174+02:00  INFO 2668 --- [Expediciones] [           main] org.hibernate.orm.connections.pooling    : HHH10001005: Database info:
	Database JDBC URL [Connecting through datasource 'HikariDataSource (HikariPool-5)']
	Database driver: undefined/unknown
	Database version: 2.3.232
	Autocommit mode: undefined/unknown
	Isolation level: undefined/unknown
	Minimum pool size: undefined/unknown
	Maximum pool size: undefined/unknown
2025-04-03T20:12:00.247+02:00  INFO 2668 --- [Expediciones] [           main] o.h.e.t.j.p.i.JtaPlatformInitiator       : HHH000489: No JTA platform available (set 'hibernate.transaction.jta.platform' to enable JTA platform integration)
2025-04-03T20:12:00.258+02:00  INFO 2668 --- [Expediciones] [           main] j.LocalContainerEntityManagerFactoryBean : Initialized JPA EntityManagerFactory for persistence unit 'default'
2025-04-03T20:12:00.310+02:00  WARN 2668 --- [Expediciones] [           main] JpaBaseConfiguration$JpaWebConfiguration : spring.jpa.open-in-view is enabled by default. Therefore, database queries may be performed during view rendering. Explicitly configure spring.jpa.open-in-view to disable this warning
2025-04-03T20:12:00.437+02:00  INFO 2668 --- [Expediciones] [           main] o.s.b.w.embedded.tomcat.TomcatWebServer  : Tomcat started on port 58993 (http) with context path '/'
2025-04-03T20:12:00.440+02:00  INFO 2668 --- [Expediciones] [           main] e.u.i.sii.pr2025rest.EquipoTests         : Started EquipoTests in 0.741 seconds (process running for 13.099)
2025-04-03T20:12:00.459+02:00  INFO 2668 --- [Expediciones] [o-auto-5-exec-1] o.a.c.c.C.[Tomcat].[localhost].[/]       : Initializing Spring DispatcherServlet 'dispatcherServlet'
2025-04-03T20:12:00.459+02:00  INFO 2668 --- [Expediciones] [o-auto-5-exec-1] o.s.web.servlet.DispatcherServlet        : Initializing Servlet 'dispatcherServlet'
2025-04-03T20:12:00.460+02:00  INFO 2668 --- [Expediciones] [o-auto-5-exec-1] o.s.web.servlet.DispatcherServlet        : Completed initialization in 1 ms
2025-04-03T20:12:00.475+02:00  INFO 2668 --- [Expediciones] [           main] o.s.b.w.e.tomcat.GracefulShutdown        : Commencing graceful shutdown. Waiting for active requests to complete
2025-04-03T20:12:00.484+02:00  INFO 2668 --- [Expediciones] [tomcat-shutdown] o.s.b.w.e.tomcat.GracefulShutdown        : Graceful shutdown complete
2025-04-03T20:12:00.486+02:00  INFO 2668 --- [Expediciones] [           main] j.LocalContainerEntityManagerFactoryBean : Closing JPA EntityManagerFactory for persistence unit 'default'
2025-04-03T20:12:00.489+02:00  INFO 2668 --- [Expediciones] [           main] com.zaxxer.hikari.HikariDataSource       : HikariPool-5 - Shutdown initiated...
2025-04-03T20:12:00.503+02:00  INFO 2668 --- [Expediciones] [           main] com.zaxxer.hikari.HikariDataSource       : HikariPool-5 - Shutdown completed.
]]></system-out>
  </testcase>
  <testcase name="actualizarEquipoNoExiste" classname="es.uma.informatica.sii.pr2025rest.EquipoTests$SinEquipos" time="0.064">
    <system-out><![CDATA[
  .   ____          _            __ _ _
 /\\ / ___'_ __ _ _(_)_ __  __ _ \ \ \ \
( ( )\___ | '_ | '_| | '_ \/ _` | \ \ \ \
 \\/  ___)| |_)| | | | | || (_| |  ) ) ) )
  '  |____| .__|_| |_|_| |_\__, | / / / /
 =========|_|==============|___/=/_/_/_/

 :: Spring Boot ::                (v3.4.4)

2025-04-03T20:12:00.550+02:00  INFO 2668 --- [Expediciones] [           main] e.u.i.sii.pr2025rest.EquipoTests         : Starting EquipoTests using Java 21.0.2 with PID 2668 (started by pacom in C:\Users\pacom\OneDrive\Escritorio\expediciones-manager)
2025-04-03T20:12:00.550+02:00  INFO 2668 --- [Expediciones] [           main] e.u.i.sii.pr2025rest.EquipoTests         : No active profile set, falling back to 1 default profile: "default"
2025-04-03T20:12:00.710+02:00  INFO 2668 --- [Expediciones] [           main] .s.d.r.c.RepositoryConfigurationDelegate : Bootstrapping Spring Data JPA repositories in DEFAULT mode.
2025-04-03T20:12:00.723+02:00  INFO 2668 --- [Expediciones] [           main] .s.d.r.c.RepositoryConfigurationDelegate : Finished Spring Data repository scanning in 11 ms. Found 2 JPA repository interfaces.
2025-04-03T20:12:00.786+02:00  INFO 2668 --- [Expediciones] [           main] o.s.b.w.embedded.tomcat.TomcatWebServer  : Tomcat initialized with port 0 (http)
2025-04-03T20:12:00.787+02:00  INFO 2668 --- [Expediciones] [           main] o.apache.catalina.core.StandardService   : Starting service [Tomcat]
2025-04-03T20:12:00.787+02:00  INFO 2668 --- [Expediciones] [           main] o.apache.catalina.core.StandardEngine    : Starting Servlet engine: [Apache Tomcat/10.1.39]
2025-04-03T20:12:00.817+02:00  INFO 2668 --- [Expediciones] [           main] o.a.c.c.C.[Tomcat].[localhost].[/]       : Initializing Spring embedded WebApplicationContext
2025-04-03T20:12:00.817+02:00  INFO 2668 --- [Expediciones] [           main] w.s.c.ServletWebServerApplicationContext : Root WebApplicationContext: initialization completed in 265 ms
2025-04-03T20:12:00.855+02:00  INFO 2668 --- [Expediciones] [           main] com.zaxxer.hikari.HikariDataSource       : HikariPool-6 - Starting...
2025-04-03T20:12:00.858+02:00  INFO 2668 --- [Expediciones] [           main] com.zaxxer.hikari.pool.HikariPool        : HikariPool-6 - Added connection conn43: url=jdbc:h2:mem:dc38debd-7e78-4100-8f72-a11f527077bd user=SA
2025-04-03T20:12:00.858+02:00  INFO 2668 --- [Expediciones] [           main] com.zaxxer.hikari.HikariDataSource       : HikariPool-6 - Start completed.
2025-04-03T20:12:00.860+02:00  INFO 2668 --- [Expediciones] [           main] o.hibernate.jpa.internal.util.LogHelper  : HHH000204: Processing PersistenceUnitInfo [name: default]
2025-04-03T20:12:00.863+02:00  INFO 2668 --- [Expediciones] [           main] o.h.c.internal.RegionFactoryInitiator    : HHH000026: Second-level cache disabled
2025-04-03T20:12:00.878+02:00  INFO 2668 --- [Expediciones] [           main] o.s.o.j.p.SpringPersistenceUnitInfo      : No LoadTimeWeaver setup: ignoring JPA class transformer
2025-04-03T20:12:00.880+02:00  INFO 2668 --- [Expediciones] [           main] org.hibernate.orm.connections.pooling    : HHH10001005: Database info:
	Database JDBC URL [Connecting through datasource 'HikariDataSource (HikariPool-6)']
	Database driver: undefined/unknown
	Database version: 2.3.232
	Autocommit mode: undefined/unknown
	Isolation level: undefined/unknown
	Minimum pool size: undefined/unknown
	Maximum pool size: undefined/unknown
2025-04-03T20:12:00.963+02:00  INFO 2668 --- [Expediciones] [           main] o.h.e.t.j.p.i.JtaPlatformInitiator       : HHH000489: No JTA platform available (set 'hibernate.transaction.jta.platform' to enable JTA platform integration)
2025-04-03T20:12:00.971+02:00  INFO 2668 --- [Expediciones] [           main] j.LocalContainerEntityManagerFactoryBean : Initialized JPA EntityManagerFactory for persistence unit 'default'
2025-04-03T20:12:01.005+02:00  WARN 2668 --- [Expediciones] [           main] JpaBaseConfiguration$JpaWebConfiguration : spring.jpa.open-in-view is enabled by default. Therefore, database queries may be performed during view rendering. Explicitly configure spring.jpa.open-in-view to disable this warning
2025-04-03T20:12:01.109+02:00  INFO 2668 --- [Expediciones] [           main] o.s.b.w.embedded.tomcat.TomcatWebServer  : Tomcat started on port 58996 (http) with context path '/'
2025-04-03T20:12:01.112+02:00  INFO 2668 --- [Expediciones] [           main] e.u.i.sii.pr2025rest.EquipoTests         : Started EquipoTests in 0.598 seconds (process running for 13.771)
2025-04-03T20:12:01.134+02:00  INFO 2668 --- [Expediciones] [o-auto-6-exec-1] o.a.c.c.C.[Tomcat].[localhost].[/]       : Initializing Spring DispatcherServlet 'dispatcherServlet'
2025-04-03T20:12:01.134+02:00  INFO 2668 --- [Expediciones] [o-auto-6-exec-1] o.s.web.servlet.DispatcherServlet        : Initializing Servlet 'dispatcherServlet'
2025-04-03T20:12:01.135+02:00  INFO 2668 --- [Expediciones] [o-auto-6-exec-1] o.s.web.servlet.DispatcherServlet        : Completed initialization in 1 ms
2025-04-03T20:12:01.150+02:00  INFO 2668 --- [Expediciones] [           main] o.s.b.w.e.tomcat.GracefulShutdown        : Commencing graceful shutdown. Waiting for active requests to complete
2025-04-03T20:12:01.158+02:00  INFO 2668 --- [Expediciones] [tomcat-shutdown] o.s.b.w.e.tomcat.GracefulShutdown        : Graceful shutdown complete
2025-04-03T20:12:01.160+02:00  INFO 2668 --- [Expediciones] [           main] j.LocalContainerEntityManagerFactoryBean : Closing JPA EntityManagerFactory for persistence unit 'default'
2025-04-03T20:12:01.163+02:00  INFO 2668 --- [Expediciones] [           main] com.zaxxer.hikari.HikariDataSource       : HikariPool-6 - Shutdown initiated...
2025-04-03T20:12:01.177+02:00  INFO 2668 --- [Expediciones] [           main] com.zaxxer.hikari.HikariDataSource       : HikariPool-6 - Shutdown completed.
]]></system-out>
  </testcase>
  <testcase name="crearEquipo" classname="es.uma.informatica.sii.pr2025rest.EquipoTests$SinEquipos" time="0.073">
    <system-out><![CDATA[
  .   ____          _            __ _ _
 /\\ / ___'_ __ _ _(_)_ __  __ _ \ \ \ \
( ( )\___ | '_ | '_| | '_ \/ _` | \ \ \ \
 \\/  ___)| |_)| | | | | || (_| |  ) ) ) )
  '  |____| .__|_| |_|_| |_\__, | / / / /
 =========|_|==============|___/=/_/_/_/

 :: Spring Boot ::                (v3.4.4)

2025-04-03T20:12:01.214+02:00  INFO 2668 --- [Expediciones] [           main] e.u.i.sii.pr2025rest.EquipoTests         : Starting EquipoTests using Java 21.0.2 with PID 2668 (started by pacom in C:\Users\pacom\OneDrive\Escritorio\expediciones-manager)
2025-04-03T20:12:01.214+02:00  INFO 2668 --- [Expediciones] [           main] e.u.i.sii.pr2025rest.EquipoTests         : No active profile set, falling back to 1 default profile: "default"
2025-04-03T20:12:01.375+02:00  INFO 2668 --- [Expediciones] [           main] .s.d.r.c.RepositoryConfigurationDelegate : Bootstrapping Spring Data JPA repositories in DEFAULT mode.
2025-04-03T20:12:01.387+02:00  INFO 2668 --- [Expediciones] [           main] .s.d.r.c.RepositoryConfigurationDelegate : Finished Spring Data repository scanning in 9 ms. Found 2 JPA repository interfaces.
2025-04-03T20:12:01.458+02:00  INFO 2668 --- [Expediciones] [           main] o.s.b.w.embedded.tomcat.TomcatWebServer  : Tomcat initialized with port 0 (http)
2025-04-03T20:12:01.459+02:00  INFO 2668 --- [Expediciones] [           main] o.apache.catalina.core.StandardService   : Starting service [Tomcat]
2025-04-03T20:12:01.459+02:00  INFO 2668 --- [Expediciones] [           main] o.apache.catalina.core.StandardEngine    : Starting Servlet engine: [Apache Tomcat/10.1.39]
2025-04-03T20:12:01.489+02:00  INFO 2668 --- [Expediciones] [           main] o.a.c.c.C.[Tomcat].[localhost].[/]       : Initializing Spring embedded WebApplicationContext
2025-04-03T20:12:01.490+02:00  INFO 2668 --- [Expediciones] [           main] w.s.c.ServletWebServerApplicationContext : Root WebApplicationContext: initialization completed in 273 ms
2025-04-03T20:12:01.520+02:00  INFO 2668 --- [Expediciones] [           main] com.zaxxer.hikari.HikariDataSource       : HikariPool-7 - Starting...
2025-04-03T20:12:01.522+02:00  INFO 2668 --- [Expediciones] [           main] com.zaxxer.hikari.pool.HikariPool        : HikariPool-7 - Added connection conn50: url=jdbc:h2:mem:8bda0e1e-b01c-4ffd-8d78-12cbbd6f2044 user=SA
2025-04-03T20:12:01.523+02:00  INFO 2668 --- [Expediciones] [           main] com.zaxxer.hikari.HikariDataSource       : HikariPool-7 - Start completed.
2025-04-03T20:12:01.524+02:00  INFO 2668 --- [Expediciones] [           main] o.hibernate.jpa.internal.util.LogHelper  : HHH000204: Processing PersistenceUnitInfo [name: default]
2025-04-03T20:12:01.528+02:00  INFO 2668 --- [Expediciones] [           main] o.h.c.internal.RegionFactoryInitiator    : HHH000026: Second-level cache disabled
2025-04-03T20:12:01.540+02:00  INFO 2668 --- [Expediciones] [           main] o.s.o.j.p.SpringPersistenceUnitInfo      : No LoadTimeWeaver setup: ignoring JPA class transformer
2025-04-03T20:12:01.541+02:00  INFO 2668 --- [Expediciones] [           main] org.hibernate.orm.connections.pooling    : HHH10001005: Database info:
	Database JDBC URL [Connecting through datasource 'HikariDataSource (HikariPool-7)']
	Database driver: undefined/unknown
	Database version: 2.3.232
	Autocommit mode: undefined/unknown
	Isolation level: undefined/unknown
	Minimum pool size: undefined/unknown
	Maximum pool size: undefined/unknown
2025-04-03T20:12:01.614+02:00  INFO 2668 --- [Expediciones] [           main] o.h.e.t.j.p.i.JtaPlatformInitiator       : HHH000489: No JTA platform available (set 'hibernate.transaction.jta.platform' to enable JTA platform integration)
2025-04-03T20:12:01.620+02:00  INFO 2668 --- [Expediciones] [           main] j.LocalContainerEntityManagerFactoryBean : Initialized JPA EntityManagerFactory for persistence unit 'default'
2025-04-03T20:12:01.651+02:00  WARN 2668 --- [Expediciones] [           main] JpaBaseConfiguration$JpaWebConfiguration : spring.jpa.open-in-view is enabled by default. Therefore, database queries may be performed during view rendering. Explicitly configure spring.jpa.open-in-view to disable this warning
2025-04-03T20:12:01.748+02:00  INFO 2668 --- [Expediciones] [           main] o.s.b.w.embedded.tomcat.TomcatWebServer  : Tomcat started on port 58999 (http) with context path '/'
2025-04-03T20:12:01.750+02:00  INFO 2668 --- [Expediciones] [           main] e.u.i.sii.pr2025rest.EquipoTests         : Started EquipoTests in 0.566 seconds (process running for 14.409)
2025-04-03T20:12:01.771+02:00  INFO 2668 --- [Expediciones] [o-auto-7-exec-1] o.a.c.c.C.[Tomcat].[localhost].[/]       : Initializing Spring DispatcherServlet 'dispatcherServlet'
2025-04-03T20:12:01.773+02:00  INFO 2668 --- [Expediciones] [o-auto-7-exec-1] o.s.web.servlet.DispatcherServlet        : Initializing Servlet 'dispatcherServlet'
2025-04-03T20:12:01.774+02:00  INFO 2668 --- [Expediciones] [o-auto-7-exec-1] o.s.web.servlet.DispatcherServlet        : Completed initialization in 1 ms
2025-04-03T20:12:01.794+02:00  INFO 2668 --- [Expediciones] [           main] o.s.b.w.e.tomcat.GracefulShutdown        : Commencing graceful shutdown. Waiting for active requests to complete
2025-04-03T20:12:01.805+02:00  INFO 2668 --- [Expediciones] [tomcat-shutdown] o.s.b.w.e.tomcat.GracefulShutdown        : Graceful shutdown complete
2025-04-03T20:12:01.807+02:00  INFO 2668 --- [Expediciones] [           main] j.LocalContainerEntityManagerFactoryBean : Closing JPA EntityManagerFactory for persistence unit 'default'
2025-04-03T20:12:01.809+02:00  INFO 2668 --- [Expediciones] [           main] com.zaxxer.hikari.HikariDataSource       : HikariPool-7 - Shutdown initiated...
2025-04-03T20:12:01.821+02:00  INFO 2668 --- [Expediciones] [           main] com.zaxxer.hikari.HikariDataSource       : HikariPool-7 - Shutdown completed.
]]></system-out>
  </testcase>
  <testcase name="todoEquipos" classname="es.uma.informatica.sii.pr2025rest.EquipoTests$SinEquipos" time="0.077">
    <system-out><![CDATA[
  .   ____          _            __ _ _
 /\\ / ___'_ __ _ _(_)_ __  __ _ \ \ \ \
( ( )\___ | '_ | '_| | '_ \/ _` | \ \ \ \
 \\/  ___)| |_)| | | | | || (_| |  ) ) ) )
  '  |____| .__|_| |_|_| |_\__, | / / / /
 =========|_|==============|___/=/_/_/_/

 :: Spring Boot ::                (v3.4.4)

2025-04-03T20:12:01.858+02:00  INFO 2668 --- [Expediciones] [           main] e.u.i.sii.pr2025rest.EquipoTests         : Starting EquipoTests using Java 21.0.2 with PID 2668 (started by pacom in C:\Users\pacom\OneDrive\Escritorio\expediciones-manager)
2025-04-03T20:12:01.859+02:00  INFO 2668 --- [Expediciones] [           main] e.u.i.sii.pr2025rest.EquipoTests         : No active profile set, falling back to 1 default profile: "default"
2025-04-03T20:12:01.999+02:00  INFO 2668 --- [Expediciones] [           main] .s.d.r.c.RepositoryConfigurationDelegate : Bootstrapping Spring Data JPA repositories in DEFAULT mode.
2025-04-03T20:12:02.010+02:00  INFO 2668 --- [Expediciones] [           main] .s.d.r.c.RepositoryConfigurationDelegate : Finished Spring Data repository scanning in 9 ms. Found 2 JPA repository interfaces.
2025-04-03T20:12:02.066+02:00  INFO 2668 --- [Expediciones] [           main] o.s.b.w.embedded.tomcat.TomcatWebServer  : Tomcat initialized with port 0 (http)
2025-04-03T20:12:02.066+02:00  INFO 2668 --- [Expediciones] [           main] o.apache.catalina.core.StandardService   : Starting service [Tomcat]
2025-04-03T20:12:02.067+02:00  INFO 2668 --- [Expediciones] [           main] o.apache.catalina.core.StandardEngine    : Starting Servlet engine: [Apache Tomcat/10.1.39]
2025-04-03T20:12:02.090+02:00  INFO 2668 --- [Expediciones] [           main] o.a.c.c.C.[Tomcat].[localhost].[/]       : Initializing Spring embedded WebApplicationContext
2025-04-03T20:12:02.091+02:00  INFO 2668 --- [Expediciones] [           main] w.s.c.ServletWebServerApplicationContext : Root WebApplicationContext: initialization completed in 230 ms
2025-04-03T20:12:02.125+02:00  INFO 2668 --- [Expediciones] [           main] com.zaxxer.hikari.HikariDataSource       : HikariPool-8 - Starting...
2025-04-03T20:12:02.127+02:00  INFO 2668 --- [Expediciones] [           main] com.zaxxer.hikari.pool.HikariPool        : HikariPool-8 - Added connection conn56: url=jdbc:h2:mem:87de3773-9b13-4af1-80e2-06a529978d17 user=SA
2025-04-03T20:12:02.127+02:00  INFO 2668 --- [Expediciones] [           main] com.zaxxer.hikari.HikariDataSource       : HikariPool-8 - Start completed.
2025-04-03T20:12:02.129+02:00  INFO 2668 --- [Expediciones] [           main] o.hibernate.jpa.internal.util.LogHelper  : HHH000204: Processing PersistenceUnitInfo [name: default]
2025-04-03T20:12:02.132+02:00  INFO 2668 --- [Expediciones] [           main] o.h.c.internal.RegionFactoryInitiator    : HHH000026: Second-level cache disabled
2025-04-03T20:12:02.148+02:00  INFO 2668 --- [Expediciones] [           main] o.s.o.j.p.SpringPersistenceUnitInfo      : No LoadTimeWeaver setup: ignoring JPA class transformer
2025-04-03T20:12:02.149+02:00  INFO 2668 --- [Expediciones] [           main] org.hibernate.orm.connections.pooling    : HHH10001005: Database info:
	Database JDBC URL [Connecting through datasource 'HikariDataSource (HikariPool-8)']
	Database driver: undefined/unknown
	Database version: 2.3.232
	Autocommit mode: undefined/unknown
	Isolation level: undefined/unknown
	Minimum pool size: undefined/unknown
	Maximum pool size: undefined/unknown
2025-04-03T20:12:02.229+02:00  INFO 2668 --- [Expediciones] [           main] o.h.e.t.j.p.i.JtaPlatformInitiator       : HHH000489: No JTA platform available (set 'hibernate.transaction.jta.platform' to enable JTA platform integration)
2025-04-03T20:12:02.242+02:00  INFO 2668 --- [Expediciones] [           main] j.LocalContainerEntityManagerFactoryBean : Initialized JPA EntityManagerFactory for persistence unit 'default'
2025-04-03T20:12:02.284+02:00  WARN 2668 --- [Expediciones] [           main] JpaBaseConfiguration$JpaWebConfiguration : spring.jpa.open-in-view is enabled by default. Therefore, database queries may be performed during view rendering. Explicitly configure spring.jpa.open-in-view to disable this warning
2025-04-03T20:12:02.393+02:00  INFO 2668 --- [Expediciones] [           main] o.s.b.w.embedded.tomcat.TomcatWebServer  : Tomcat started on port 59002 (http) with context path '/'
2025-04-03T20:12:02.396+02:00  INFO 2668 --- [Expediciones] [           main] e.u.i.sii.pr2025rest.EquipoTests         : Started EquipoTests in 0.566 seconds (process running for 15.054)
2025-04-03T20:12:02.411+02:00  INFO 2668 --- [Expediciones] [o-auto-8-exec-1] o.a.c.c.C.[Tomcat].[localhost].[/]       : Initializing Spring DispatcherServlet 'dispatcherServlet'
2025-04-03T20:12:02.411+02:00  INFO 2668 --- [Expediciones] [o-auto-8-exec-1] o.s.web.servlet.DispatcherServlet        : Initializing Servlet 'dispatcherServlet'
2025-04-03T20:12:02.413+02:00  INFO 2668 --- [Expediciones] [o-auto-8-exec-1] o.s.web.servlet.DispatcherServlet        : Completed initialization in 2 ms
2025-04-03T20:12:02.426+02:00  INFO 2668 --- [Expediciones] [           main] o.s.b.w.e.tomcat.GracefulShutdown        : Commencing graceful shutdown. Waiting for active requests to complete
2025-04-03T20:12:02.435+02:00  INFO 2668 --- [Expediciones] [tomcat-shutdown] o.s.b.w.e.tomcat.GracefulShutdown        : Graceful shutdown complete
2025-04-03T20:12:02.438+02:00  INFO 2668 --- [Expediciones] [           main] j.LocalContainerEntityManagerFactoryBean : Closing JPA EntityManagerFactory for persistence unit 'default'
2025-04-03T20:12:02.441+02:00  INFO 2668 --- [Expediciones] [           main] com.zaxxer.hikari.HikariDataSource       : HikariPool-8 - Shutdown initiated...
2025-04-03T20:12:02.472+02:00  INFO 2668 --- [Expediciones] [           main] com.zaxxer.hikari.HikariDataSource       : HikariPool-8 - Shutdown completed.
]]></system-out>
  </testcase>
</testsuite>