<?xml version="1.0" encoding="UTF-8"?>
<testsuite xmlns:xsi="http://www.w3.org/2001/XMLSchema-instance" xsi:noNamespaceSchemaLocation="https://maven.apache.org/surefire/maven-surefire-plugin/xsd/surefire-test-report-3.0.xsd" version="3.0" name="es.uma.informatica.sii.pr2025rest.ExpedicionesTests$ConExpedicion" time="5.147" tests="8" errors="0" skipped="0" failures="0">
  <properties>
[...]
</properties>
  <testcase name="obtenerPorId_Existe" classname="es.uma.informatica.sii.pr2025rest.ExpedicionesTests$ConExpedicion" time="0.121">
    <system-out><![CDATA[2025-04-03T19:38:58.306+02:00  INFO 2140 --- [Expediciones] [           main] t.c.s.AnnotationConfigContextLoaderUtils : Could not detect default configuration classes for test class [es.uma.informatica.sii.pr2025rest.ExpedicionesTests]: ExpedicionesTests does not declare any static, non-private, non-final, nested classes annotated with @Configuration.
2025-04-03T19:38:58.310+02:00  INFO 2140 --- [Expediciones] [           main] .b.t.c.SpringBootTestContextBootstrapper : Found @SpringBootConfiguration es.uma.informatica.sii.pr2025rest.ExpedicionesApplication for test class es.uma.informatica.sii.pr2025rest.ExpedicionesTests
2025-04-03T19:38:58.316+02:00  INFO 2140 --- [Expediciones] [           main] t.c.s.AnnotationConfigContextLoaderUtils : Could not detect default configuration classes for test class [es.uma.informatica.sii.pr2025rest.ExpedicionesTests$ConExpedicion]: ConExpedicion does not declare any static, non-private, non-final, nested classes annotated with @Configuration.
2025-04-03T19:38:58.318+02:00  INFO 2140 --- [Expediciones] [           main] .b.t.c.SpringBootTestContextBootstrapper : Found @SpringBootConfiguration es.uma.informatica.sii.pr2025rest.ExpedicionesApplication for test class es.uma.informatica.sii.pr2025rest.ExpedicionesTests$ConExpedicion

  .   ____          _            __ _ _
 /\\ / ___'_ __ _ _(_)_ __  __ _ \ \ \ \
( ( )\___ | '_ | '_| | '_ \/ _` | \ \ \ \
 \\/  ___)| |_)| | | | | || (_| |  ) ) ) )
  '  |____| .__|_| |_|_| |_\__, | / / / /
 =========|_|==============|___/=/_/_/_/

 :: Spring Boot ::                (v3.4.4)

2025-04-03T19:38:58.370+02:00  INFO 2140 --- [Expediciones] [           main] e.u.i.sii.pr2025rest.ExpedicionesTests   : Starting ExpedicionesTests using Java 21.0.2 with PID 2140 (started by pacom in C:\Users\pacom\OneDrive\Escritorio\Practica_2)
2025-04-03T19:38:58.370+02:00  INFO 2140 --- [Expediciones] [           main] e.u.i.sii.pr2025rest.ExpedicionesTests   : No active profile set, falling back to 1 default profile: "default"
2025-04-03T19:38:58.562+02:00  INFO 2140 --- [Expediciones] [           main] .s.d.r.c.RepositoryConfigurationDelegate : Bootstrapping Spring Data JPA repositories in DEFAULT mode.
2025-04-03T19:38:58.579+02:00  INFO 2140 --- [Expediciones] [           main] .s.d.r.c.RepositoryConfigurationDelegate : Finished Spring Data repository scanning in 16 ms. Found 2 JPA repository interfaces.
2025-04-03T19:38:58.721+02:00  INFO 2140 --- [Expediciones] [           main] o.s.b.w.embedded.tomcat.TomcatWebServer  : Tomcat initialized with port 0 (http)
2025-04-03T19:38:58.728+02:00  INFO 2140 --- [Expediciones] [           main] o.apache.catalina.core.StandardService   : Starting service [Tomcat]
2025-04-03T19:38:58.728+02:00  INFO 2140 --- [Expediciones] [           main] o.apache.catalina.core.StandardEngine    : Starting Servlet engine: [Apache Tomcat/10.1.39]
2025-04-03T19:38:58.749+02:00  INFO 2140 --- [Expediciones] [           main] o.a.c.c.C.[Tomcat].[localhost].[/]       : Initializing Spring embedded WebApplicationContext
2025-04-03T19:38:58.749+02:00  INFO 2140 --- [Expediciones] [           main] w.s.c.ServletWebServerApplicationContext : Root WebApplicationContext: initialization completed in 375 ms
2025-04-03T19:38:58.791+02:00  INFO 2140 --- [Expediciones] [           main] com.zaxxer.hikari.HikariDataSource       : HikariPool-9 - Starting...
2025-04-03T19:38:58.791+02:00  INFO 2140 --- [Expediciones] [           main] com.zaxxer.hikari.pool.HikariPool        : HikariPool-9 - Added connection conn72: url=jdbc:h2:mem:f2ac2067-e525-49f3-9f43-682c085b1dc9 user=SA
2025-04-03T19:38:58.798+02:00  INFO 2140 --- [Expediciones] [           main] com.zaxxer.hikari.HikariDataSource       : HikariPool-9 - Start completed.
2025-04-03T19:38:58.799+02:00  INFO 2140 --- [Expediciones] [           main] o.hibernate.jpa.internal.util.LogHelper  : HHH000204: Processing PersistenceUnitInfo [name: default]
2025-04-03T19:38:58.800+02:00  INFO 2140 --- [Expediciones] [           main] o.h.c.internal.RegionFactoryInitiator    : HHH000026: Second-level cache disabled
2025-04-03T19:38:58.809+02:00  INFO 2140 --- [Expediciones] [           main] o.s.o.j.p.SpringPersistenceUnitInfo      : No LoadTimeWeaver setup: ignoring JPA class transformer
2025-04-03T19:38:58.818+02:00  INFO 2140 --- [Expediciones] [           main] org.hibernate.orm.connections.pooling    : HHH10001005: Database info:
	Database JDBC URL [Connecting through datasource 'HikariDataSource (HikariPool-9)']
	Database driver: undefined/unknown
	Database version: 2.3.232
	Autocommit mode: undefined/unknown
	Isolation level: undefined/unknown
	Minimum pool size: undefined/unknown
	Maximum pool size: undefined/unknown
2025-04-03T19:38:58.898+02:00  INFO 2140 --- [Expediciones] [           main] o.h.e.t.j.p.i.JtaPlatformInitiator       : HHH000489: No JTA platform available (set 'hibernate.transaction.jta.platform' to enable JTA platform integration)
2025-04-03T19:38:58.908+02:00  INFO 2140 --- [Expediciones] [           main] j.LocalContainerEntityManagerFactoryBean : Initialized JPA EntityManagerFactory for persistence unit 'default'
2025-04-03T19:38:58.950+02:00  WARN 2140 --- [Expediciones] [           main] JpaBaseConfiguration$JpaWebConfiguration : spring.jpa.open-in-view is enabled by default. Therefore, database queries may be performed during view rendering. Explicitly configure spring.jpa.open-in-view to disable this warning
2025-04-03T19:38:59.063+02:00  INFO 2140 --- [Expediciones] [           main] o.s.b.w.embedded.tomcat.TomcatWebServer  : Tomcat started on port 65171 (http) with context path '/'
2025-04-03T19:38:59.065+02:00  INFO 2140 --- [Expediciones] [           main] e.u.i.sii.pr2025rest.ExpedicionesTests   : Started ExpedicionesTests in 0.74 seconds (process running for 18.16)
2025-04-03T19:38:59.109+02:00  INFO 2140 --- [Expediciones] [o-auto-9-exec-2] o.a.c.c.C.[Tomcat].[localhost].[/]       : Initializing Spring DispatcherServlet 'dispatcherServlet'
2025-04-03T19:38:59.109+02:00  INFO 2140 --- [Expediciones] [o-auto-9-exec-2] o.s.web.servlet.DispatcherServlet        : Initializing Servlet 'dispatcherServlet'
2025-04-03T19:38:59.111+02:00  INFO 2140 --- [Expediciones] [o-auto-9-exec-2] o.s.web.servlet.DispatcherServlet        : Completed initialization in 0 ms
2025-04-03T19:38:59.143+02:00  INFO 2140 --- [Expediciones] [           main] o.s.b.w.e.tomcat.GracefulShutdown        : Commencing graceful shutdown. Waiting for active requests to complete
2025-04-03T19:38:59.162+02:00  INFO 2140 --- [Expediciones] [tomcat-shutdown] o.s.b.w.e.tomcat.GracefulShutdown        : Graceful shutdown complete
2025-04-03T19:38:59.164+02:00  INFO 2140 --- [Expediciones] [           main] j.LocalContainerEntityManagerFactoryBean : Closing JPA EntityManagerFactory for persistence unit 'default'
2025-04-03T19:38:59.169+02:00  INFO 2140 --- [Expediciones] [           main] com.zaxxer.hikari.HikariDataSource       : HikariPool-9 - Shutdown initiated...
2025-04-03T19:38:59.190+02:00  INFO 2140 --- [Expediciones] [           main] com.zaxxer.hikari.HikariDataSource       : HikariPool-9 - Shutdown completed.
]]></system-out>
  </testcase>
  <testcase name="eliminarExpedicionConEquipo" classname="es.uma.informatica.sii.pr2025rest.ExpedicionesTests$ConExpedicion" time="0.079">
    <system-out><![CDATA[
  .   ____          _            __ _ _
 /\\ / ___'_ __ _ _(_)_ __  __ _ \ \ \ \
( ( )\___ | '_ | '_| | '_ \/ _` | \ \ \ \
 \\/  ___)| |_)| | | | | || (_| |  ) ) ) )
  '  |____| .__|_| |_|_| |_\__, | / / / /
 =========|_|==============|___/=/_/_/_/

 :: Spring Boot ::                (v3.4.4)

2025-04-03T19:38:59.241+02:00  INFO 2140 --- [Expediciones] [           main] e.u.i.sii.pr2025rest.ExpedicionesTests   : Starting ExpedicionesTests using Java 21.0.2 with PID 2140 (started by pacom in C:\Users\pacom\OneDrive\Escritorio\Practica_2)
2025-04-03T19:38:59.241+02:00  INFO 2140 --- [Expediciones] [           main] e.u.i.sii.pr2025rest.ExpedicionesTests   : No active profile set, falling back to 1 default profile: "default"
2025-04-03T19:38:59.431+02:00  INFO 2140 --- [Expediciones] [           main] .s.d.r.c.RepositoryConfigurationDelegate : Bootstrapping Spring Data JPA repositories in DEFAULT mode.
2025-04-03T19:38:59.453+02:00  INFO 2140 --- [Expediciones] [           main] .s.d.r.c.RepositoryConfigurationDelegate : Finished Spring Data repository scanning in 16 ms. Found 2 JPA repository interfaces.
2025-04-03T19:38:59.576+02:00  INFO 2140 --- [Expediciones] [           main] o.s.b.w.embedded.tomcat.TomcatWebServer  : Tomcat initialized with port 0 (http)
2025-04-03T19:38:59.579+02:00  INFO 2140 --- [Expediciones] [           main] o.apache.catalina.core.StandardService   : Starting service [Tomcat]
2025-04-03T19:38:59.581+02:00  INFO 2140 --- [Expediciones] [           main] o.apache.catalina.core.StandardEngine    : Starting Servlet engine: [Apache Tomcat/10.1.39]
2025-04-03T19:38:59.648+02:00  INFO 2140 --- [Expediciones] [           main] o.a.c.c.C.[Tomcat].[localhost].[/]       : Initializing Spring embedded WebApplicationContext
2025-04-03T19:38:59.648+02:00  INFO 2140 --- [Expediciones] [           main] w.s.c.ServletWebServerApplicationContext : Root WebApplicationContext: initialization completed in 400 ms
2025-04-03T19:38:59.698+02:00  INFO 2140 --- [Expediciones] [           main] com.zaxxer.hikari.HikariDataSource       : HikariPool-10 - Starting...
2025-04-03T19:38:59.702+02:00  INFO 2140 --- [Expediciones] [           main] com.zaxxer.hikari.pool.HikariPool        : HikariPool-10 - Added connection conn81: url=jdbc:h2:mem:9577d8f9-bf9c-41a9-b816-b9d3fd331a71 user=SA
2025-04-03T19:38:59.702+02:00  INFO 2140 --- [Expediciones] [           main] com.zaxxer.hikari.HikariDataSource       : HikariPool-10 - Start completed.
2025-04-03T19:38:59.704+02:00  INFO 2140 --- [Expediciones] [           main] o.hibernate.jpa.internal.util.LogHelper  : HHH000204: Processing PersistenceUnitInfo [name: default]
2025-04-03T19:38:59.709+02:00  INFO 2140 --- [Expediciones] [           main] o.h.c.internal.RegionFactoryInitiator    : HHH000026: Second-level cache disabled
2025-04-03T19:38:59.722+02:00  INFO 2140 --- [Expediciones] [           main] o.s.o.j.p.SpringPersistenceUnitInfo      : No LoadTimeWeaver setup: ignoring JPA class transformer
2025-04-03T19:38:59.726+02:00  INFO 2140 --- [Expediciones] [           main] org.hibernate.orm.connections.pooling    : HHH10001005: Database info:
	Database JDBC URL [Connecting through datasource 'HikariDataSource (HikariPool-10)']
	Database driver: undefined/unknown
	Database version: 2.3.232
	Autocommit mode: undefined/unknown
	Isolation level: undefined/unknown
	Minimum pool size: undefined/unknown
	Maximum pool size: undefined/unknown
2025-04-03T19:38:59.800+02:00  INFO 2140 --- [Expediciones] [           main] o.h.e.t.j.p.i.JtaPlatformInitiator       : HHH000489: No JTA platform available (set 'hibernate.transaction.jta.platform' to enable JTA platform integration)
2025-04-03T19:38:59.809+02:00  INFO 2140 --- [Expediciones] [           main] j.LocalContainerEntityManagerFactoryBean : Initialized JPA EntityManagerFactory for persistence unit 'default'
2025-04-03T19:38:59.849+02:00  WARN 2140 --- [Expediciones] [           main] JpaBaseConfiguration$JpaWebConfiguration : spring.jpa.open-in-view is enabled by default. Therefore, database queries may be performed during view rendering. Explicitly configure spring.jpa.open-in-view to disable this warning
2025-04-03T19:38:59.959+02:00  INFO 2140 --- [Expediciones] [           main] o.s.b.w.embedded.tomcat.TomcatWebServer  : Tomcat started on port 65174 (http) with context path '/'
2025-04-03T19:38:59.969+02:00  INFO 2140 --- [Expediciones] [           main] e.u.i.sii.pr2025rest.ExpedicionesTests   : Started ExpedicionesTests in 0.771 seconds (process running for 19.064)
2025-04-03T19:38:59.989+02:00  INFO 2140 --- [Expediciones] [-auto-10-exec-1] o.a.c.c.C.[Tomcat].[localhost].[/]       : Initializing Spring DispatcherServlet 'dispatcherServlet'
2025-04-03T19:38:59.990+02:00  INFO 2140 --- [Expediciones] [-auto-10-exec-1] o.s.web.servlet.DispatcherServlet        : Initializing Servlet 'dispatcherServlet'
2025-04-03T19:38:59.990+02:00  INFO 2140 --- [Expediciones] [-auto-10-exec-1] o.s.web.servlet.DispatcherServlet        : Completed initialization in 0 ms
2025-04-03T19:39:00.005+02:00  INFO 2140 --- [Expediciones] [           main] o.s.b.w.e.tomcat.GracefulShutdown        : Commencing graceful shutdown. Waiting for active requests to complete
2025-04-03T19:39:00.010+02:00  INFO 2140 --- [Expediciones] [tomcat-shutdown] o.s.b.w.e.tomcat.GracefulShutdown        : Graceful shutdown complete
2025-04-03T19:39:00.015+02:00  INFO 2140 --- [Expediciones] [           main] j.LocalContainerEntityManagerFactoryBean : Closing JPA EntityManagerFactory for persistence unit 'default'
2025-04-03T19:39:00.018+02:00  INFO 2140 --- [Expediciones] [           main] com.zaxxer.hikari.HikariDataSource       : HikariPool-10 - Shutdown initiated...
2025-04-03T19:39:00.049+02:00  INFO 2140 --- [Expediciones] [           main] com.zaxxer.hikari.HikariDataSource       : HikariPool-10 - Shutdown completed.
]]></system-out>
  </testcase>
  <testcase name="obtenerTodas" classname="es.uma.informatica.sii.pr2025rest.ExpedicionesTests$ConExpedicion" time="0.068">
    <system-out><![CDATA[
  .   ____          _            __ _ _
 /\\ / ___'_ __ _ _(_)_ __  __ _ \ \ \ \
( ( )\___ | '_ | '_| | '_ \/ _` | \ \ \ \
 \\/  ___)| |_)| | | | | || (_| |  ) ) ) )
  '  |____| .__|_| |_|_| |_\__, | / / / /
 =========|_|==============|___/=/_/_/_/

 :: Spring Boot ::                (v3.4.4)

2025-04-03T19:39:00.078+02:00  INFO 2140 --- [Expediciones] [           main] e.u.i.sii.pr2025rest.ExpedicionesTests   : Starting ExpedicionesTests using Java 21.0.2 with PID 2140 (started by pacom in C:\Users\pacom\OneDrive\Escritorio\Practica_2)
2025-04-03T19:39:00.078+02:00  INFO 2140 --- [Expediciones] [           main] e.u.i.sii.pr2025rest.ExpedicionesTests   : No active profile set, falling back to 1 default profile: "default"
2025-04-03T19:39:00.259+02:00  INFO 2140 --- [Expediciones] [           main] .s.d.r.c.RepositoryConfigurationDelegate : Bootstrapping Spring Data JPA repositories in DEFAULT mode.
2025-04-03T19:39:00.270+02:00  INFO 2140 --- [Expediciones] [           main] .s.d.r.c.RepositoryConfigurationDelegate : Finished Spring Data repository scanning in 11 ms. Found 2 JPA repository interfaces.
2025-04-03T19:39:00.339+02:00  INFO 2140 --- [Expediciones] [           main] o.s.b.w.embedded.tomcat.TomcatWebServer  : Tomcat initialized with port 0 (http)
2025-04-03T19:39:00.339+02:00  INFO 2140 --- [Expediciones] [           main] o.apache.catalina.core.StandardService   : Starting service [Tomcat]
2025-04-03T19:39:00.339+02:00  INFO 2140 --- [Expediciones] [           main] o.apache.catalina.core.StandardEngine    : Starting Servlet engine: [Apache Tomcat/10.1.39]
2025-04-03T19:39:00.369+02:00  INFO 2140 --- [Expediciones] [           main] o.a.c.c.C.[Tomcat].[localhost].[/]       : Initializing Spring embedded WebApplicationContext
2025-04-03T19:39:00.369+02:00  INFO 2140 --- [Expediciones] [           main] w.s.c.ServletWebServerApplicationContext : Root WebApplicationContext: initialization completed in 289 ms
2025-04-03T19:39:00.420+02:00  INFO 2140 --- [Expediciones] [           main] com.zaxxer.hikari.HikariDataSource       : HikariPool-11 - Starting...
2025-04-03T19:39:00.428+02:00  INFO 2140 --- [Expediciones] [           main] com.zaxxer.hikari.pool.HikariPool        : HikariPool-11 - Added connection conn89: url=jdbc:h2:mem:87f8ddf4-b387-4ebb-935b-3a49665314d9 user=SA
2025-04-03T19:39:00.429+02:00  INFO 2140 --- [Expediciones] [           main] com.zaxxer.hikari.HikariDataSource       : HikariPool-11 - Start completed.
2025-04-03T19:39:00.435+02:00  INFO 2140 --- [Expediciones] [           main] o.hibernate.jpa.internal.util.LogHelper  : HHH000204: Processing PersistenceUnitInfo [name: default]
2025-04-03T19:39:00.443+02:00  INFO 2140 --- [Expediciones] [           main] o.h.c.internal.RegionFactoryInitiator    : HHH000026: Second-level cache disabled
2025-04-03T19:39:00.478+02:00  INFO 2140 --- [Expediciones] [           main] o.s.o.j.p.SpringPersistenceUnitInfo      : No LoadTimeWeaver setup: ignoring JPA class transformer
2025-04-03T19:39:00.482+02:00  INFO 2140 --- [Expediciones] [           main] org.hibernate.orm.connections.pooling    : HHH10001005: Database info:
	Database JDBC URL [Connecting through datasource 'HikariDataSource (HikariPool-11)']
	Database driver: undefined/unknown
	Database version: 2.3.232
	Autocommit mode: undefined/unknown
	Isolation level: undefined/unknown
	Minimum pool size: undefined/unknown
	Maximum pool size: undefined/unknown
2025-04-03T19:39:00.572+02:00  INFO 2140 --- [Expediciones] [           main] o.h.e.t.j.p.i.JtaPlatformInitiator       : HHH000489: No JTA platform available (set 'hibernate.transaction.jta.platform' to enable JTA platform integration)
2025-04-03T19:39:00.582+02:00  INFO 2140 --- [Expediciones] [           main] j.LocalContainerEntityManagerFactoryBean : Initialized JPA EntityManagerFactory for persistence unit 'default'
2025-04-03T19:39:00.618+02:00  WARN 2140 --- [Expediciones] [           main] JpaBaseConfiguration$JpaWebConfiguration : spring.jpa.open-in-view is enabled by default. Therefore, database queries may be performed during view rendering. Explicitly configure spring.jpa.open-in-view to disable this warning
2025-04-03T19:39:00.713+02:00  INFO 2140 --- [Expediciones] [           main] o.s.b.w.embedded.tomcat.TomcatWebServer  : Tomcat started on port 65177 (http) with context path '/'
2025-04-03T19:39:00.718+02:00  INFO 2140 --- [Expediciones] [           main] e.u.i.sii.pr2025rest.ExpedicionesTests   : Started ExpedicionesTests in 0.664 seconds (process running for 19.812)
2025-04-03T19:39:00.740+02:00  INFO 2140 --- [Expediciones] [-auto-11-exec-1] o.a.c.c.C.[Tomcat].[localhost].[/]       : Initializing Spring DispatcherServlet 'dispatcherServlet'
2025-04-03T19:39:00.740+02:00  INFO 2140 --- [Expediciones] [-auto-11-exec-1] o.s.web.servlet.DispatcherServlet        : Initializing Servlet 'dispatcherServlet'
2025-04-03T19:39:00.740+02:00  INFO 2140 --- [Expediciones] [-auto-11-exec-1] o.s.web.servlet.DispatcherServlet        : Completed initialization in 0 ms
2025-04-03T19:39:00.760+02:00  INFO 2140 --- [Expediciones] [           main] o.s.b.w.e.tomcat.GracefulShutdown        : Commencing graceful shutdown. Waiting for active requests to complete
2025-04-03T19:39:00.770+02:00  INFO 2140 --- [Expediciones] [tomcat-shutdown] o.s.b.w.e.tomcat.GracefulShutdown        : Graceful shutdown complete
2025-04-03T19:39:00.770+02:00  INFO 2140 --- [Expediciones] [           main] j.LocalContainerEntityManagerFactoryBean : Closing JPA EntityManagerFactory for persistence unit 'default'
2025-04-03T19:39:00.770+02:00  INFO 2140 --- [Expediciones] [           main] com.zaxxer.hikari.HikariDataSource       : HikariPool-11 - Shutdown initiated...
2025-04-03T19:39:00.786+02:00  INFO 2140 --- [Expediciones] [           main] com.zaxxer.hikari.HikariDataSource       : HikariPool-11 - Shutdown completed.
]]></system-out>
  </testcase>
  <testcase name="asignarEquipoAExpedicion" classname="es.uma.informatica.sii.pr2025rest.ExpedicionesTests$ConExpedicion" time="0.13">
    <system-out><![CDATA[
  .   ____          _            __ _ _
 /\\ / ___'_ __ _ _(_)_ __  __ _ \ \ \ \
( ( )\___ | '_ | '_| | '_ \/ _` | \ \ \ \
 \\/  ___)| |_)| | | | | || (_| |  ) ) ) )
  '  |____| .__|_| |_|_| |_\__, | / / / /
 =========|_|==============|___/=/_/_/_/

 :: Spring Boot ::                (v3.4.4)

2025-04-03T19:39:00.810+02:00  INFO 2140 --- [Expediciones] [           main] e.u.i.sii.pr2025rest.ExpedicionesTests   : Starting ExpedicionesTests using Java 21.0.2 with PID 2140 (started by pacom in C:\Users\pacom\OneDrive\Escritorio\Practica_2)
2025-04-03T19:39:00.810+02:00  INFO 2140 --- [Expediciones] [           main] e.u.i.sii.pr2025rest.ExpedicionesTests   : No active profile set, falling back to 1 default profile: "default"
2025-04-03T19:39:00.974+02:00  INFO 2140 --- [Expediciones] [           main] .s.d.r.c.RepositoryConfigurationDelegate : Bootstrapping Spring Data JPA repositories in DEFAULT mode.
2025-04-03T19:39:00.992+02:00  INFO 2140 --- [Expediciones] [           main] .s.d.r.c.RepositoryConfigurationDelegate : Finished Spring Data repository scanning in 15 ms. Found 2 JPA repository interfaces.
2025-04-03T19:39:01.053+02:00  INFO 2140 --- [Expediciones] [           main] o.s.b.w.embedded.tomcat.TomcatWebServer  : Tomcat initialized with port 0 (http)
2025-04-03T19:39:01.053+02:00  INFO 2140 --- [Expediciones] [           main] o.apache.catalina.core.StandardService   : Starting service [Tomcat]
2025-04-03T19:39:01.058+02:00  INFO 2140 --- [Expediciones] [           main] o.apache.catalina.core.StandardEngine    : Starting Servlet engine: [Apache Tomcat/10.1.39]
2025-04-03T19:39:01.084+02:00  INFO 2140 --- [Expediciones] [           main] o.a.c.c.C.[Tomcat].[localhost].[/]       : Initializing Spring embedded WebApplicationContext
2025-04-03T19:39:01.084+02:00  INFO 2140 --- [Expediciones] [           main] w.s.c.ServletWebServerApplicationContext : Root WebApplicationContext: initialization completed in 270 ms
2025-04-03T19:39:01.109+02:00  INFO 2140 --- [Expediciones] [           main] com.zaxxer.hikari.HikariDataSource       : HikariPool-12 - Starting...
2025-04-03T19:39:01.116+02:00  INFO 2140 --- [Expediciones] [           main] com.zaxxer.hikari.pool.HikariPool        : HikariPool-12 - Added connection conn97: url=jdbc:h2:mem:f9547ecc-27d3-4e93-a2be-87a7a7e536c4 user=SA
2025-04-03T19:39:01.116+02:00  INFO 2140 --- [Expediciones] [           main] com.zaxxer.hikari.HikariDataSource       : HikariPool-12 - Start completed.
2025-04-03T19:39:01.118+02:00  INFO 2140 --- [Expediciones] [           main] o.hibernate.jpa.internal.util.LogHelper  : HHH000204: Processing PersistenceUnitInfo [name: default]
2025-04-03T19:39:01.120+02:00  INFO 2140 --- [Expediciones] [           main] o.h.c.internal.RegionFactoryInitiator    : HHH000026: Second-level cache disabled
2025-04-03T19:39:01.132+02:00  INFO 2140 --- [Expediciones] [           main] o.s.o.j.p.SpringPersistenceUnitInfo      : No LoadTimeWeaver setup: ignoring JPA class transformer
2025-04-03T19:39:01.132+02:00  INFO 2140 --- [Expediciones] [           main] org.hibernate.orm.connections.pooling    : HHH10001005: Database info:
	Database JDBC URL [Connecting through datasource 'HikariDataSource (HikariPool-12)']
	Database driver: undefined/unknown
	Database version: 2.3.232
	Autocommit mode: undefined/unknown
	Isolation level: undefined/unknown
	Minimum pool size: undefined/unknown
	Maximum pool size: undefined/unknown
2025-04-03T19:39:01.190+02:00  INFO 2140 --- [Expediciones] [           main] o.h.e.t.j.p.i.JtaPlatformInitiator       : HHH000489: No JTA platform available (set 'hibernate.transaction.jta.platform' to enable JTA platform integration)
2025-04-03T19:39:01.198+02:00  INFO 2140 --- [Expediciones] [           main] j.LocalContainerEntityManagerFactoryBean : Initialized JPA EntityManagerFactory for persistence unit 'default'
2025-04-03T19:39:01.243+02:00  WARN 2140 --- [Expediciones] [           main] JpaBaseConfiguration$JpaWebConfiguration : spring.jpa.open-in-view is enabled by default. Therefore, database queries may be performed during view rendering. Explicitly configure spring.jpa.open-in-view to disable this warning
2025-04-03T19:39:01.320+02:00  INFO 2140 --- [Expediciones] [           main] o.s.b.w.embedded.tomcat.TomcatWebServer  : Tomcat started on port 65180 (http) with context path '/'
2025-04-03T19:39:01.325+02:00  INFO 2140 --- [Expediciones] [           main] e.u.i.sii.pr2025rest.ExpedicionesTests   : Started ExpedicionesTests in 0.534 seconds (process running for 20.422)
2025-04-03T19:39:01.350+02:00  INFO 2140 --- [Expediciones] [-auto-12-exec-1] o.a.c.c.C.[Tomcat].[localhost].[/]       : Initializing Spring DispatcherServlet 'dispatcherServlet'
2025-04-03T19:39:01.350+02:00  INFO 2140 --- [Expediciones] [-auto-12-exec-1] o.s.web.servlet.DispatcherServlet        : Initializing Servlet 'dispatcherServlet'
2025-04-03T19:39:01.350+02:00  INFO 2140 --- [Expediciones] [-auto-12-exec-1] o.s.web.servlet.DispatcherServlet        : Completed initialization in 0 ms
2025-04-03T19:39:01.389+02:00  WARN 2140 --- [Expediciones] [-auto-12-exec-1] .w.s.m.s.DefaultHandlerExceptionResolver : Ignoring exception, response committed already: org.springframework.http.converter.HttpMessageNotWritableException: Could not write JSON: Document nesting depth (1001) exceeds the maximum allowed (1000, from `StreamWriteConstraints.getMaxNestingDepth()`)
2025-04-03T19:39:01.389+02:00  WARN 2140 --- [Expediciones] [-auto-12-exec-1] .w.s.m.s.DefaultHandlerExceptionResolver : Resolved [org.springframework.http.converter.HttpMessageNotWritableException: Could not write JSON: Document nesting depth (1001) exceeds the maximum allowed (1000, from `StreamWriteConstraints.getMaxNestingDepth()`)]
2025-04-03T19:39:01.414+02:00  INFO 2140 --- [Expediciones] [           main] o.s.b.w.e.tomcat.GracefulShutdown        : Commencing graceful shutdown. Waiting for active requests to complete
2025-04-03T19:39:01.421+02:00  INFO 2140 --- [Expediciones] [tomcat-shutdown] o.s.b.w.e.tomcat.GracefulShutdown        : Graceful shutdown complete
2025-04-03T19:39:01.421+02:00  INFO 2140 --- [Expediciones] [           main] j.LocalContainerEntityManagerFactoryBean : Closing JPA EntityManagerFactory for persistence unit 'default'
2025-04-03T19:39:01.421+02:00  INFO 2140 --- [Expediciones] [           main] com.zaxxer.hikari.HikariDataSource       : HikariPool-12 - Shutdown initiated...
2025-04-03T19:39:01.453+02:00  INFO 2140 --- [Expediciones] [           main] com.zaxxer.hikari.HikariDataSource       : HikariPool-12 - Shutdown completed.
]]></system-out>
  </testcase>
  <testcase name="actualizarExpedicionExiste" classname="es.uma.informatica.sii.pr2025rest.ExpedicionesTests$ConExpedicion" time="0.084">
    <system-out><![CDATA[
  .   ____          _            __ _ _
 /\\ / ___'_ __ _ _(_)_ __  __ _ \ \ \ \
( ( )\___ | '_ | '_| | '_ \/ _` | \ \ \ \
 \\/  ___)| |_)| | | | | || (_| |  ) ) ) )
  '  |____| .__|_| |_|_| |_\__, | / / / /
 =========|_|==============|___/=/_/_/_/

 :: Spring Boot ::                (v3.4.4)

2025-04-03T19:39:01.490+02:00  INFO 2140 --- [Expediciones] [           main] e.u.i.sii.pr2025rest.ExpedicionesTests   : Starting ExpedicionesTests using Java 21.0.2 with PID 2140 (started by pacom in C:\Users\pacom\OneDrive\Escritorio\Practica_2)
2025-04-03T19:39:01.490+02:00  INFO 2140 --- [Expediciones] [           main] e.u.i.sii.pr2025rest.ExpedicionesTests   : No active profile set, falling back to 1 default profile: "default"
2025-04-03T19:39:01.660+02:00  INFO 2140 --- [Expediciones] [           main] .s.d.r.c.RepositoryConfigurationDelegate : Bootstrapping Spring Data JPA repositories in DEFAULT mode.
2025-04-03T19:39:01.677+02:00  INFO 2140 --- [Expediciones] [           main] .s.d.r.c.RepositoryConfigurationDelegate : Finished Spring Data repository scanning in 14 ms. Found 2 JPA repository interfaces.
2025-04-03T19:39:01.751+02:00  INFO 2140 --- [Expediciones] [           main] o.s.b.w.embedded.tomcat.TomcatWebServer  : Tomcat initialized with port 0 (http)
2025-04-03T19:39:01.751+02:00  INFO 2140 --- [Expediciones] [           main] o.apache.catalina.core.StandardService   : Starting service [Tomcat]
2025-04-03T19:39:01.751+02:00  INFO 2140 --- [Expediciones] [           main] o.apache.catalina.core.StandardEngine    : Starting Servlet engine: [Apache Tomcat/10.1.39]
2025-04-03T19:39:01.769+02:00  INFO 2140 --- [Expediciones] [           main] o.a.c.c.C.[Tomcat].[localhost].[/]       : Initializing Spring embedded WebApplicationContext
2025-04-03T19:39:01.778+02:00  INFO 2140 --- [Expediciones] [           main] w.s.c.ServletWebServerApplicationContext : Root WebApplicationContext: initialization completed in 288 ms
2025-04-03T19:39:01.799+02:00  INFO 2140 --- [Expediciones] [           main] com.zaxxer.hikari.HikariDataSource       : HikariPool-13 - Starting...
2025-04-03T19:39:01.799+02:00  INFO 2140 --- [Expediciones] [           main] com.zaxxer.hikari.pool.HikariPool        : HikariPool-13 - Added connection conn105: url=jdbc:h2:mem:00714952-8807-4960-8b4a-2a3c4ea657cf user=SA
2025-04-03T19:39:01.799+02:00  INFO 2140 --- [Expediciones] [           main] com.zaxxer.hikari.HikariDataSource       : HikariPool-13 - Start completed.
2025-04-03T19:39:01.808+02:00  INFO 2140 --- [Expediciones] [           main] o.hibernate.jpa.internal.util.LogHelper  : HHH000204: Processing PersistenceUnitInfo [name: default]
2025-04-03T19:39:01.810+02:00  INFO 2140 --- [Expediciones] [           main] o.h.c.internal.RegionFactoryInitiator    : HHH000026: Second-level cache disabled
2025-04-03T19:39:01.818+02:00  INFO 2140 --- [Expediciones] [           main] o.s.o.j.p.SpringPersistenceUnitInfo      : No LoadTimeWeaver setup: ignoring JPA class transformer
2025-04-03T19:39:01.818+02:00  INFO 2140 --- [Expediciones] [           main] org.hibernate.orm.connections.pooling    : HHH10001005: Database info:
	Database JDBC URL [Connecting through datasource 'HikariDataSource (HikariPool-13)']
	Database driver: undefined/unknown
	Database version: 2.3.232
	Autocommit mode: undefined/unknown
	Isolation level: undefined/unknown
	Minimum pool size: undefined/unknown
	Maximum pool size: undefined/unknown
2025-04-03T19:39:01.896+02:00  INFO 2140 --- [Expediciones] [           main] o.h.e.t.j.p.i.JtaPlatformInitiator       : HHH000489: No JTA platform available (set 'hibernate.transaction.jta.platform' to enable JTA platform integration)
2025-04-03T19:39:01.906+02:00  INFO 2140 --- [Expediciones] [           main] j.LocalContainerEntityManagerFactoryBean : Initialized JPA EntityManagerFactory for persistence unit 'default'
2025-04-03T19:39:01.955+02:00  WARN 2140 --- [Expediciones] [           main] JpaBaseConfiguration$JpaWebConfiguration : spring.jpa.open-in-view is enabled by default. Therefore, database queries may be performed during view rendering. Explicitly configure spring.jpa.open-in-view to disable this warning
2025-04-03T19:39:02.040+02:00  INFO 2140 --- [Expediciones] [           main] o.s.b.w.embedded.tomcat.TomcatWebServer  : Tomcat started on port 65183 (http) with context path '/'
2025-04-03T19:39:02.040+02:00  INFO 2140 --- [Expediciones] [           main] e.u.i.sii.pr2025rest.ExpedicionesTests   : Started ExpedicionesTests in 0.581 seconds (process running for 21.141)
2025-04-03T19:39:02.070+02:00  INFO 2140 --- [Expediciones] [-auto-13-exec-1] o.a.c.c.C.[Tomcat].[localhost].[/]       : Initializing Spring DispatcherServlet 'dispatcherServlet'
2025-04-03T19:39:02.070+02:00  INFO 2140 --- [Expediciones] [-auto-13-exec-1] o.s.web.servlet.DispatcherServlet        : Initializing Servlet 'dispatcherServlet'
2025-04-03T19:39:02.070+02:00  INFO 2140 --- [Expediciones] [-auto-13-exec-1] o.s.web.servlet.DispatcherServlet        : Completed initialization in 0 ms
2025-04-03T19:39:02.099+02:00  INFO 2140 --- [Expediciones] [           main] o.s.b.w.e.tomcat.GracefulShutdown        : Commencing graceful shutdown. Waiting for active requests to complete
2025-04-03T19:39:02.101+02:00  INFO 2140 --- [Expediciones] [tomcat-shutdown] o.s.b.w.e.tomcat.GracefulShutdown        : Graceful shutdown complete
2025-04-03T19:39:02.108+02:00  INFO 2140 --- [Expediciones] [           main] j.LocalContainerEntityManagerFactoryBean : Closing JPA EntityManagerFactory for persistence unit 'default'
2025-04-03T19:39:02.110+02:00  INFO 2140 --- [Expediciones] [           main] com.zaxxer.hikari.HikariDataSource       : HikariPool-13 - Shutdown initiated...
2025-04-03T19:39:02.133+02:00  INFO 2140 --- [Expediciones] [           main] com.zaxxer.hikari.HikariDataSource       : HikariPool-13 - Shutdown completed.
]]></system-out>
  </testcase>
  <testcase name="asignarEquipoAExpedicionEquipoNoExiste" classname="es.uma.informatica.sii.pr2025rest.ExpedicionesTests$ConExpedicion" time="0.079">
    <system-out><![CDATA[
  .   ____          _            __ _ _
 /\\ / ___'_ __ _ _(_)_ __  __ _ \ \ \ \
( ( )\___ | '_ | '_| | '_ \/ _` | \ \ \ \
 \\/  ___)| |_)| | | | | || (_| |  ) ) ) )
  '  |____| .__|_| |_|_| |_\__, | / / / /
 =========|_|==============|___/=/_/_/_/

 :: Spring Boot ::                (v3.4.4)

2025-04-03T19:39:02.165+02:00  INFO 2140 --- [Expediciones] [           main] e.u.i.sii.pr2025rest.ExpedicionesTests   : Starting ExpedicionesTests using Java 21.0.2 with PID 2140 (started by pacom in C:\Users\pacom\OneDrive\Escritorio\Practica_2)
2025-04-03T19:39:02.165+02:00  INFO 2140 --- [Expediciones] [           main] e.u.i.sii.pr2025rest.ExpedicionesTests   : No active profile set, falling back to 1 default profile: "default"
2025-04-03T19:39:02.269+02:00  INFO 2140 --- [Expediciones] [           main] .s.d.r.c.RepositoryConfigurationDelegate : Bootstrapping Spring Data JPA repositories in DEFAULT mode.
2025-04-03T19:39:02.280+02:00  INFO 2140 --- [Expediciones] [           main] .s.d.r.c.RepositoryConfigurationDelegate : Finished Spring Data repository scanning in 8 ms. Found 2 JPA repository interfaces.
2025-04-03T19:39:02.324+02:00  INFO 2140 --- [Expediciones] [           main] o.s.b.w.embedded.tomcat.TomcatWebServer  : Tomcat initialized with port 0 (http)
2025-04-03T19:39:02.324+02:00  INFO 2140 --- [Expediciones] [           main] o.apache.catalina.core.StandardService   : Starting service [Tomcat]
2025-04-03T19:39:02.324+02:00  INFO 2140 --- [Expediciones] [           main] o.apache.catalina.core.StandardEngine    : Starting Servlet engine: [Apache Tomcat/10.1.39]
2025-04-03T19:39:02.349+02:00  INFO 2140 --- [Expediciones] [           main] o.a.c.c.C.[Tomcat].[localhost].[/]       : Initializing Spring embedded WebApplicationContext
2025-04-03T19:39:02.349+02:00  INFO 2140 --- [Expediciones] [           main] w.s.c.ServletWebServerApplicationContext : Root WebApplicationContext: initialization completed in 184 ms
2025-04-03T19:39:02.368+02:00  INFO 2140 --- [Expediciones] [           main] com.zaxxer.hikari.HikariDataSource       : HikariPool-14 - Starting...
2025-04-03T19:39:02.369+02:00  INFO 2140 --- [Expediciones] [           main] com.zaxxer.hikari.pool.HikariPool        : HikariPool-14 - Added connection conn113: url=jdbc:h2:mem:0aae2a1e-2591-4864-a60c-1514ca66bec5 user=SA
2025-04-03T19:39:02.369+02:00  INFO 2140 --- [Expediciones] [           main] com.zaxxer.hikari.HikariDataSource       : HikariPool-14 - Start completed.
2025-04-03T19:39:02.370+02:00  INFO 2140 --- [Expediciones] [           main] o.hibernate.jpa.internal.util.LogHelper  : HHH000204: Processing PersistenceUnitInfo [name: default]
2025-04-03T19:39:02.370+02:00  INFO 2140 --- [Expediciones] [           main] o.h.c.internal.RegionFactoryInitiator    : HHH000026: Second-level cache disabled
2025-04-03T19:39:02.379+02:00  INFO 2140 --- [Expediciones] [           main] o.s.o.j.p.SpringPersistenceUnitInfo      : No LoadTimeWeaver setup: ignoring JPA class transformer
2025-04-03T19:39:02.380+02:00  INFO 2140 --- [Expediciones] [           main] org.hibernate.orm.connections.pooling    : HHH10001005: Database info:
	Database JDBC URL [Connecting through datasource 'HikariDataSource (HikariPool-14)']
	Database driver: undefined/unknown
	Database version: 2.3.232
	Autocommit mode: undefined/unknown
	Isolation level: undefined/unknown
	Minimum pool size: undefined/unknown
	Maximum pool size: undefined/unknown
2025-04-03T19:39:02.421+02:00  INFO 2140 --- [Expediciones] [           main] o.h.e.t.j.p.i.JtaPlatformInitiator       : HHH000489: No JTA platform available (set 'hibernate.transaction.jta.platform' to enable JTA platform integration)
2025-04-03T19:39:02.424+02:00  INFO 2140 --- [Expediciones] [           main] j.LocalContainerEntityManagerFactoryBean : Initialized JPA EntityManagerFactory for persistence unit 'default'
2025-04-03T19:39:02.439+02:00  WARN 2140 --- [Expediciones] [           main] JpaBaseConfiguration$JpaWebConfiguration : spring.jpa.open-in-view is enabled by default. Therefore, database queries may be performed during view rendering. Explicitly configure spring.jpa.open-in-view to disable this warning
2025-04-03T19:39:02.499+02:00  INFO 2140 --- [Expediciones] [           main] o.s.b.w.embedded.tomcat.TomcatWebServer  : Tomcat started on port 65186 (http) with context path '/'
2025-04-03T19:39:02.499+02:00  INFO 2140 --- [Expediciones] [           main] e.u.i.sii.pr2025rest.ExpedicionesTests   : Started ExpedicionesTests in 0.361 seconds (process running for 21.6)
2025-04-03T19:39:02.518+02:00  INFO 2140 --- [Expediciones] [-auto-14-exec-1] o.a.c.c.C.[Tomcat].[localhost].[/]       : Initializing Spring DispatcherServlet 'dispatcherServlet'
2025-04-03T19:39:02.518+02:00  INFO 2140 --- [Expediciones] [-auto-14-exec-1] o.s.web.servlet.DispatcherServlet        : Initializing Servlet 'dispatcherServlet'
2025-04-03T19:39:02.518+02:00  INFO 2140 --- [Expediciones] [-auto-14-exec-1] o.s.web.servlet.DispatcherServlet        : Completed initialization in 0 ms
2025-04-03T19:39:02.538+02:00  INFO 2140 --- [Expediciones] [           main] o.s.b.w.e.tomcat.GracefulShutdown        : Commencing graceful shutdown. Waiting for active requests to complete
2025-04-03T19:39:02.544+02:00  INFO 2140 --- [Expediciones] [tomcat-shutdown] o.s.b.w.e.tomcat.GracefulShutdown        : Graceful shutdown complete
2025-04-03T19:39:02.544+02:00  INFO 2140 --- [Expediciones] [           main] j.LocalContainerEntityManagerFactoryBean : Closing JPA EntityManagerFactory for persistence unit 'default'
2025-04-03T19:39:02.548+02:00  INFO 2140 --- [Expediciones] [           main] com.zaxxer.hikari.HikariDataSource       : HikariPool-14 - Shutdown initiated...
2025-04-03T19:39:02.576+02:00  INFO 2140 --- [Expediciones] [           main] com.zaxxer.hikari.HikariDataSource       : HikariPool-14 - Shutdown completed.
]]></system-out>
  </testcase>
  <testcase name="eliminarEquipoDeExpedicion" classname="es.uma.informatica.sii.pr2025rest.ExpedicionesTests$ConExpedicion" time="0.084">
    <system-out><![CDATA[
  .   ____          _            __ _ _
 /\\ / ___'_ __ _ _(_)_ __  __ _ \ \ \ \
( ( )\___ | '_ | '_| | '_ \/ _` | \ \ \ \
 \\/  ___)| |_)| | | | | || (_| |  ) ) ) )
  '  |____| .__|_| |_|_| |_\__, | / / / /
 =========|_|==============|___/=/_/_/_/

 :: Spring Boot ::                (v3.4.4)

2025-04-03T19:39:02.594+02:00  INFO 2140 --- [Expediciones] [           main] e.u.i.sii.pr2025rest.ExpedicionesTests   : Starting ExpedicionesTests using Java 21.0.2 with PID 2140 (started by pacom in C:\Users\pacom\OneDrive\Escritorio\Practica_2)
2025-04-03T19:39:02.594+02:00  INFO 2140 --- [Expediciones] [           main] e.u.i.sii.pr2025rest.ExpedicionesTests   : No active profile set, falling back to 1 default profile: "default"
2025-04-03T19:39:02.693+02:00  INFO 2140 --- [Expediciones] [           main] .s.d.r.c.RepositoryConfigurationDelegate : Bootstrapping Spring Data JPA repositories in DEFAULT mode.
2025-04-03T19:39:02.709+02:00  INFO 2140 --- [Expediciones] [           main] .s.d.r.c.RepositoryConfigurationDelegate : Finished Spring Data repository scanning in 9 ms. Found 2 JPA repository interfaces.
2025-04-03T19:39:02.751+02:00  INFO 2140 --- [Expediciones] [           main] o.s.b.w.embedded.tomcat.TomcatWebServer  : Tomcat initialized with port 0 (http)
2025-04-03T19:39:02.751+02:00  INFO 2140 --- [Expediciones] [           main] o.apache.catalina.core.StandardService   : Starting service [Tomcat]
2025-04-03T19:39:02.751+02:00  INFO 2140 --- [Expediciones] [           main] o.apache.catalina.core.StandardEngine    : Starting Servlet engine: [Apache Tomcat/10.1.39]
2025-04-03T19:39:02.770+02:00  INFO 2140 --- [Expediciones] [           main] o.a.c.c.C.[Tomcat].[localhost].[/]       : Initializing Spring embedded WebApplicationContext
2025-04-03T19:39:02.770+02:00  INFO 2140 --- [Expediciones] [           main] w.s.c.ServletWebServerApplicationContext : Root WebApplicationContext: initialization completed in 171 ms
2025-04-03T19:39:02.790+02:00  INFO 2140 --- [Expediciones] [           main] com.zaxxer.hikari.HikariDataSource       : HikariPool-15 - Starting...
2025-04-03T19:39:02.798+02:00  INFO 2140 --- [Expediciones] [           main] com.zaxxer.hikari.pool.HikariPool        : HikariPool-15 - Added connection conn117: url=jdbc:h2:mem:4f915bd7-1a62-47fc-8df7-4c9d54f3fc6e user=SA
2025-04-03T19:39:02.798+02:00  INFO 2140 --- [Expediciones] [           main] com.zaxxer.hikari.HikariDataSource       : HikariPool-15 - Start completed.
2025-04-03T19:39:02.799+02:00  INFO 2140 --- [Expediciones] [           main] o.hibernate.jpa.internal.util.LogHelper  : HHH000204: Processing PersistenceUnitInfo [name: default]
2025-04-03T19:39:02.799+02:00  INFO 2140 --- [Expediciones] [           main] o.h.c.internal.RegionFactoryInitiator    : HHH000026: Second-level cache disabled
2025-04-03T19:39:02.810+02:00  INFO 2140 --- [Expediciones] [           main] o.s.o.j.p.SpringPersistenceUnitInfo      : No LoadTimeWeaver setup: ignoring JPA class transformer
2025-04-03T19:39:02.810+02:00  INFO 2140 --- [Expediciones] [           main] org.hibernate.orm.connections.pooling    : HHH10001005: Database info:
	Database JDBC URL [Connecting through datasource 'HikariDataSource (HikariPool-15)']
	Database driver: undefined/unknown
	Database version: 2.3.232
	Autocommit mode: undefined/unknown
	Isolation level: undefined/unknown
	Minimum pool size: undefined/unknown
	Maximum pool size: undefined/unknown
2025-04-03T19:39:02.850+02:00  INFO 2140 --- [Expediciones] [           main] o.h.e.t.j.p.i.JtaPlatformInitiator       : HHH000489: No JTA platform available (set 'hibernate.transaction.jta.platform' to enable JTA platform integration)
2025-04-03T19:39:02.859+02:00  INFO 2140 --- [Expediciones] [           main] j.LocalContainerEntityManagerFactoryBean : Initialized JPA EntityManagerFactory for persistence unit 'default'
2025-04-03T19:39:02.882+02:00  WARN 2140 --- [Expediciones] [           main] JpaBaseConfiguration$JpaWebConfiguration : spring.jpa.open-in-view is enabled by default. Therefore, database queries may be performed during view rendering. Explicitly configure spring.jpa.open-in-view to disable this warning
2025-04-03T19:39:02.949+02:00  INFO 2140 --- [Expediciones] [           main] o.s.b.w.embedded.tomcat.TomcatWebServer  : Tomcat started on port 65189 (http) with context path '/'
2025-04-03T19:39:02.949+02:00  INFO 2140 --- [Expediciones] [           main] e.u.i.sii.pr2025rest.ExpedicionesTests   : Started ExpedicionesTests in 0.37 seconds (process running for 22.05)
2025-04-03T19:39:02.972+02:00  INFO 2140 --- [Expediciones] [-auto-15-exec-1] o.a.c.c.C.[Tomcat].[localhost].[/]       : Initializing Spring DispatcherServlet 'dispatcherServlet'
2025-04-03T19:39:02.972+02:00  INFO 2140 --- [Expediciones] [-auto-15-exec-1] o.s.web.servlet.DispatcherServlet        : Initializing Servlet 'dispatcherServlet'
2025-04-03T19:39:02.978+02:00  INFO 2140 --- [Expediciones] [-auto-15-exec-1] o.s.web.servlet.DispatcherServlet        : Completed initialization in 6 ms
2025-04-03T19:39:02.990+02:00  INFO 2140 --- [Expediciones] [           main] o.s.b.w.e.tomcat.GracefulShutdown        : Commencing graceful shutdown. Waiting for active requests to complete
2025-04-03T19:39:03.000+02:00  INFO 2140 --- [Expediciones] [tomcat-shutdown] o.s.b.w.e.tomcat.GracefulShutdown        : Graceful shutdown complete
2025-04-03T19:39:03.004+02:00  INFO 2140 --- [Expediciones] [           main] j.LocalContainerEntityManagerFactoryBean : Closing JPA EntityManagerFactory for persistence unit 'default'
2025-04-03T19:39:03.006+02:00  INFO 2140 --- [Expediciones] [           main] com.zaxxer.hikari.HikariDataSource       : HikariPool-15 - Shutdown initiated...
2025-04-03T19:39:03.036+02:00  INFO 2140 --- [Expediciones] [           main] com.zaxxer.hikari.HikariDataSource       : HikariPool-15 - Shutdown completed.
]]></system-out>
  </testcase>
  <testcase name="eliminarExpedicionSinEquipo" classname="es.uma.informatica.sii.pr2025rest.ExpedicionesTests$ConExpedicion" time="0.063">
    <system-out><![CDATA[
  .   ____          _            __ _ _
 /\\ / ___'_ __ _ _(_)_ __  __ _ \ \ \ \
( ( )\___ | '_ | '_| | '_ \/ _` | \ \ \ \
 \\/  ___)| |_)| | | | | || (_| |  ) ) ) )
  '  |____| .__|_| |_|_| |_\__, | / / / /
 =========|_|==============|___/=/_/_/_/

 :: Spring Boot ::                (v3.4.4)

2025-04-03T19:39:03.068+02:00  INFO 2140 --- [Expediciones] [           main] e.u.i.sii.pr2025rest.ExpedicionesTests   : Starting ExpedicionesTests using Java 21.0.2 with PID 2140 (started by pacom in C:\Users\pacom\OneDrive\Escritorio\Practica_2)
2025-04-03T19:39:03.068+02:00  INFO 2140 --- [Expediciones] [           main] e.u.i.sii.pr2025rest.ExpedicionesTests   : No active profile set, falling back to 1 default profile: "default"
2025-04-03T19:39:03.158+02:00  INFO 2140 --- [Expediciones] [           main] .s.d.r.c.RepositoryConfigurationDelegate : Bootstrapping Spring Data JPA repositories in DEFAULT mode.
2025-04-03T19:39:03.162+02:00  INFO 2140 --- [Expediciones] [           main] .s.d.r.c.RepositoryConfigurationDelegate : Finished Spring Data repository scanning in 7 ms. Found 2 JPA repository interfaces.
2025-04-03T19:39:03.210+02:00  INFO 2140 --- [Expediciones] [           main] o.s.b.w.embedded.tomcat.TomcatWebServer  : Tomcat initialized with port 0 (http)
2025-04-03T19:39:03.210+02:00  INFO 2140 --- [Expediciones] [           main] o.apache.catalina.core.StandardService   : Starting service [Tomcat]
2025-04-03T19:39:03.210+02:00  INFO 2140 --- [Expediciones] [           main] o.apache.catalina.core.StandardEngine    : Starting Servlet engine: [Apache Tomcat/10.1.39]
2025-04-03T19:39:03.228+02:00  INFO 2140 --- [Expediciones] [           main] o.a.c.c.C.[Tomcat].[localhost].[/]       : Initializing Spring embedded WebApplicationContext
2025-04-03T19:39:03.228+02:00  INFO 2140 --- [Expediciones] [           main] w.s.c.ServletWebServerApplicationContext : Root WebApplicationContext: initialization completed in 158 ms
2025-04-03T19:39:03.249+02:00  INFO 2140 --- [Expediciones] [           main] com.zaxxer.hikari.HikariDataSource       : HikariPool-16 - Starting...
2025-04-03T19:39:03.249+02:00  INFO 2140 --- [Expediciones] [           main] com.zaxxer.hikari.pool.HikariPool        : HikariPool-16 - Added connection conn122: url=jdbc:h2:mem:d3c1e0ba-3522-4579-bb04-7ec8b9e8bb1c user=SA
2025-04-03T19:39:03.249+02:00  INFO 2140 --- [Expediciones] [           main] com.zaxxer.hikari.HikariDataSource       : HikariPool-16 - Start completed.
2025-04-03T19:39:03.249+02:00  INFO 2140 --- [Expediciones] [           main] o.hibernate.jpa.internal.util.LogHelper  : HHH000204: Processing PersistenceUnitInfo [name: default]
2025-04-03T19:39:03.256+02:00  INFO 2140 --- [Expediciones] [           main] o.h.c.internal.RegionFactoryInitiator    : HHH000026: Second-level cache disabled
2025-04-03T19:39:03.260+02:00  INFO 2140 --- [Expediciones] [           main] o.s.o.j.p.SpringPersistenceUnitInfo      : No LoadTimeWeaver setup: ignoring JPA class transformer
2025-04-03T19:39:03.260+02:00  INFO 2140 --- [Expediciones] [           main] org.hibernate.orm.connections.pooling    : HHH10001005: Database info:
	Database JDBC URL [Connecting through datasource 'HikariDataSource (HikariPool-16)']
	Database driver: undefined/unknown
	Database version: 2.3.232
	Autocommit mode: undefined/unknown
	Isolation level: undefined/unknown
	Minimum pool size: undefined/unknown
	Maximum pool size: undefined/unknown
2025-04-03T19:39:03.308+02:00  INFO 2140 --- [Expediciones] [           main] o.h.e.t.j.p.i.JtaPlatformInitiator       : HHH000489: No JTA platform available (set 'hibernate.transaction.jta.platform' to enable JTA platform integration)
2025-04-03T19:39:03.309+02:00  INFO 2140 --- [Expediciones] [           main] j.LocalContainerEntityManagerFactoryBean : Initialized JPA EntityManagerFactory for persistence unit 'default'
2025-04-03T19:39:03.329+02:00  WARN 2140 --- [Expediciones] [           main] JpaBaseConfiguration$JpaWebConfiguration : spring.jpa.open-in-view is enabled by default. Therefore, database queries may be performed during view rendering. Explicitly configure spring.jpa.open-in-view to disable this warning
2025-04-03T19:39:03.390+02:00  INFO 2140 --- [Expediciones] [           main] o.s.b.w.embedded.tomcat.TomcatWebServer  : Tomcat started on port 65192 (http) with context path '/'
2025-04-03T19:39:03.390+02:00  INFO 2140 --- [Expediciones] [           main] e.u.i.sii.pr2025rest.ExpedicionesTests   : Started ExpedicionesTests in 0.35 seconds (process running for 22.492)
2025-04-03T19:39:03.410+02:00  INFO 2140 --- [Expediciones] [-auto-16-exec-1] o.a.c.c.C.[Tomcat].[localhost].[/]       : Initializing Spring DispatcherServlet 'dispatcherServlet'
2025-04-03T19:39:03.410+02:00  INFO 2140 --- [Expediciones] [-auto-16-exec-1] o.s.web.servlet.DispatcherServlet        : Initializing Servlet 'dispatcherServlet'
2025-04-03T19:39:03.410+02:00  INFO 2140 --- [Expediciones] [-auto-16-exec-1] o.s.web.servlet.DispatcherServlet        : Completed initialization in 0 ms
2025-04-03T19:39:03.419+02:00  INFO 2140 --- [Expediciones] [           main] o.s.b.w.e.tomcat.GracefulShutdown        : Commencing graceful shutdown. Waiting for active requests to complete
2025-04-03T19:39:03.430+02:00  INFO 2140 --- [Expediciones] [tomcat-shutdown] o.s.b.w.e.tomcat.GracefulShutdown        : Graceful shutdown complete
2025-04-03T19:39:03.430+02:00  INFO 2140 --- [Expediciones] [           main] j.LocalContainerEntityManagerFactoryBean : Closing JPA EntityManagerFactory for persistence unit 'default'
2025-04-03T19:39:03.430+02:00  INFO 2140 --- [Expediciones] [           main] com.zaxxer.hikari.HikariDataSource       : HikariPool-16 - Shutdown initiated...
2025-04-03T19:39:03.461+02:00  INFO 2140 --- [Expediciones] [           main] com.zaxxer.hikari.HikariDataSource       : HikariPool-16 - Shutdown completed.
]]></system-out>
  </testcase>
</testsuite>